<?xml version="1.0" ?>
<coverage version="7.12.0" timestamp="1764866153585" lines-valid="19952" lines-covered="6408" line-rate="0.3212" branches-valid="6312" branches-covered="557" branch-rate="0.08824" complexity="0">
	<!-- Generated by coverage.py: https://coverage.readthedocs.io/en/7.12.0 -->
	<!-- Based on https://raw.githubusercontent.com/cobertura/web/master/htdocs/xml/coverage-04.dtd -->
	<sources>
		<source>D:\workshops\Hcaude\src</source>
		<source>D:\workshops\Hcaude\src\hcode</source>
	</sources>
	<packages>
		<package name="hcode" line-rate="0.1091" branch-rate="0.003922" complexity="0">
			<classes>
				<class name="__init__.py" filename="hcode/__init__.py" complexity="0" line-rate="0.8571" branch-rate="1">
					<methods/>
					<lines>
						<line number="9" hits="1"/>
						<line number="10" hits="1"/>
						<line number="12" hits="1"/>
						<line number="13" hits="0"/>
						<line number="14" hits="0"/>
						<line number="16" hits="1"/>
						<line number="17" hits="1"/>
						<line number="18" hits="1"/>
						<line number="20" hits="1"/>
						<line number="26" hits="1"/>
						<line number="53" hits="1"/>
						<line number="62" hits="1"/>
						<line number="66" hits="1"/>
						<line number="72" hits="1"/>
					</lines>
				</class>
				<class name="__main__.py" filename="hcode/__main__.py" complexity="0" line-rate="0.2143" branch-rate="0.5">
					<methods/>
					<lines>
						<line number="11" hits="1"/>
						<line number="14" hits="1"/>
						<line number="16" hits="0"/>
						<line number="17" hits="0"/>
						<line number="19" hits="0"/>
						<line number="20" hits="0"/>
						<line number="21" hits="0"/>
						<line number="22" hits="0"/>
						<line number="23" hits="0"/>
						<line number="24" hits="0"/>
						<line number="25" hits="0"/>
						<line number="26" hits="0"/>
						<line number="29" hits="1" branch="true" condition-coverage="50% (1/2)" missing-branches="30"/>
						<line number="30" hits="0"/>
					</lines>
				</class>
				<class name="exceptions.py" filename="hcode/exceptions.py" complexity="0" line-rate="0.3511" branch-rate="0">
					<methods/>
					<lines>
						<line number="8" hits="1"/>
						<line number="10" hits="1"/>
						<line number="13" hits="1"/>
						<line number="20" hits="1"/>
						<line number="27" hits="0"/>
						<line number="28" hits="0"/>
						<line number="29" hits="0"/>
						<line number="30" hits="0"/>
						<line number="31" hits="0"/>
						<line number="33" hits="1"/>
						<line number="34" hits="0"/>
						<line number="35" hits="0" branch="true" condition-coverage="0% (0/2)" missing-branches="36,37"/>
						<line number="36" hits="0"/>
						<line number="37" hits="0"/>
						<line number="39" hits="1"/>
						<line number="41" hits="0"/>
						<line number="55" hits="1"/>
						<line number="58" hits="1"/>
						<line number="64" hits="0"/>
						<line number="70" hits="0"/>
						<line number="73" hits="1"/>
						<line number="76" hits="1"/>
						<line number="77" hits="0"/>
						<line number="82" hits="0"/>
						<line number="85" hits="1"/>
						<line number="88" hits="1"/>
						<line number="96" hits="0"/>
						<line number="97" hits="0" branch="true" condition-coverage="0% (0/2)" missing-branches="98,99"/>
						<line number="98" hits="0"/>
						<line number="99" hits="0" branch="true" condition-coverage="0% (0/2)" missing-branches="100,102"/>
						<line number="100" hits="0"/>
						<line number="102" hits="0"/>
						<line number="103" hits="0"/>
						<line number="104" hits="0"/>
						<line number="105" hits="0"/>
						<line number="108" hits="1"/>
						<line number="111" hits="1"/>
						<line number="112" hits="0"/>
						<line number="113" hits="0"/>
						<line number="119" hits="0"/>
						<line number="127" hits="1"/>
						<line number="130" hits="1"/>
						<line number="137" hits="0"/>
						<line number="138" hits="0" branch="true" condition-coverage="0% (0/2)" missing-branches="139,140"/>
						<line number="139" hits="0"/>
						<line number="140" hits="0" branch="true" condition-coverage="0% (0/2)" missing-branches="141,143"/>
						<line number="141" hits="0"/>
						<line number="143" hits="0"/>
						<line number="149" hits="0"/>
						<line number="150" hits="0"/>
						<line number="153" hits="1"/>
						<line number="156" hits="1"/>
						<line number="157" hits="0"/>
						<line number="158" hits="0" branch="true" condition-coverage="0% (0/2)" missing-branches="159,160"/>
						<line number="159" hits="0"/>
						<line number="160" hits="0"/>
						<line number="168" hits="1"/>
						<line number="171" hits="1"/>
						<line number="178" hits="0"/>
						<line number="179" hits="0"/>
						<line number="180" hits="0" branch="true" condition-coverage="0% (0/2)" missing-branches="181,183"/>
						<line number="181" hits="0"/>
						<line number="183" hits="0"/>
						<line number="190" hits="0"/>
						<line number="193" hits="1"/>
						<line number="196" hits="1"/>
						<line number="202" hits="0"/>
						<line number="203" hits="0" branch="true" condition-coverage="0% (0/2)" missing-branches="204,206"/>
						<line number="204" hits="0"/>
						<line number="206" hits="0"/>
						<line number="213" hits="0"/>
						<line number="216" hits="1"/>
						<line number="219" hits="1"/>
						<line number="227" hits="0"/>
						<line number="235" hits="0"/>
						<line number="236" hits="0"/>
						<line number="239" hits="1"/>
						<line number="242" hits="1"/>
						<line number="250" hits="0"/>
						<line number="251" hits="0" branch="true" condition-coverage="0% (0/2)" missing-branches="252,253"/>
						<line number="252" hits="0"/>
						<line number="253" hits="0" branch="true" condition-coverage="0% (0/2)" missing-branches="254,256"/>
						<line number="254" hits="0"/>
						<line number="256" hits="0"/>
						<line number="262" hits="0"/>
						<line number="263" hits="0"/>
						<line number="264" hits="0"/>
						<line number="272" hits="1"/>
						<line number="275" hits="1"/>
						<line number="281" hits="0"/>
						<line number="287" hits="0"/>
						<line number="290" hits="1"/>
						<line number="293" hits="1"/>
						<line number="294" hits="0"/>
						<line number="301" hits="1"/>
						<line number="304" hits="1"/>
						<line number="312" hits="0"/>
						<line number="313" hits="0" branch="true" condition-coverage="0% (0/2)" missing-branches="314,315"/>
						<line number="314" hits="0"/>
						<line number="315" hits="0" branch="true" condition-coverage="0% (0/2)" missing-branches="316,317"/>
						<line number="316" hits="0"/>
						<line number="317" hits="0"/>
						<line number="318" hits="0"/>
						<line number="321" hits="1"/>
						<line number="324" hits="1"/>
						<line number="331" hits="0"/>
						<line number="337" hits="0" branch="true" condition-coverage="0% (0/2)" missing-branches="338,339"/>
						<line number="338" hits="0"/>
						<line number="339" hits="0"/>
						<line number="347" hits="1"/>
						<line number="350" hits="1"/>
						<line number="356" hits="0"/>
						<line number="362" hits="0"/>
						<line number="365" hits="1"/>
						<line number="368" hits="1"/>
						<line number="369" hits="0"/>
						<line number="376" hits="1"/>
						<line number="379" hits="1"/>
						<line number="380" hits="0"/>
						<line number="387" hits="1"/>
						<line number="390" hits="1"/>
						<line number="396" hits="0"/>
						<line number="397" hits="0" branch="true" condition-coverage="0% (0/2)" missing-branches="398,399"/>
						<line number="398" hits="0"/>
						<line number="399" hits="0"/>
						<line number="402" hits="1"/>
						<line number="405" hits="1"/>
						<line number="411" hits="0"/>
						<line number="412" hits="0" branch="true" condition-coverage="0% (0/2)" missing-branches="413,414"/>
						<line number="413" hits="0"/>
						<line number="414" hits="0"/>
						<line number="417" hits="1"/>
						<line number="420" hits="1"/>
						<line number="426" hits="0"/>
						<line number="440" hits="1"/>
						<line number="443" hits="1"/>
						<line number="449" hits="0"/>
						<line number="455" hits="0"/>
						<line number="458" hits="1"/>
						<line number="461" hits="1"/>
						<line number="467" hits="0"/>
						<line number="472" hits="0"/>
						<line number="473" hits="0"/>
						<line number="476" hits="1"/>
						<line number="479" hits="1"/>
						<line number="485" hits="0"/>
						<line number="486" hits="0" branch="true" condition-coverage="0% (0/2)" missing-branches="487,489"/>
						<line number="487" hits="0"/>
						<line number="489" hits="0"/>
						<line number="495" hits="0"/>
						<line number="496" hits="0"/>
						<line number="504" hits="1"/>
						<line number="507" hits="1"/>
						<line number="512" hits="0"/>
						<line number="519" hits="1"/>
						<line number="522" hits="1"/>
						<line number="523" hits="0"/>
						<line number="527" hits="0"/>
						<line number="530" hits="1"/>
						<line number="533" hits="1"/>
						<line number="539" hits="0"/>
						<line number="540" hits="0" branch="true" condition-coverage="0% (0/2)" missing-branches="541,542"/>
						<line number="541" hits="0"/>
						<line number="542" hits="0"/>
						<line number="550" hits="1"/>
						<line number="553" hits="1"/>
						<line number="559" hits="0"/>
						<line number="565" hits="0"/>
						<line number="568" hits="1"/>
						<line number="571" hits="1"/>
						<line number="577" hits="0"/>
						<line number="578" hits="0" branch="true" condition-coverage="0% (0/2)" missing-branches="579,580"/>
						<line number="579" hits="0"/>
						<line number="580" hits="0"/>
						<line number="583" hits="1"/>
						<line number="586" hits="1"/>
						<line number="587" hits="0"/>
						<line number="599" hits="1"/>
						<line number="609" hits="0" branch="true" condition-coverage="0% (0/2)" missing-branches="610,613"/>
						<line number="610" hits="0"/>
						<line number="613" hits="0"/>
						<line number="621" hits="0" branch="true" condition-coverage="0% (0/2)" missing-branches="622,626"/>
						<line number="622" hits="0" branch="true" condition-coverage="0% (0/2)" missing-branches="621,623"/>
						<line number="623" hits="0"/>
						<line number="626" hits="0"/>
						<line number="629" hits="1"/>
						<line number="639" hits="0"/>
						<line number="645" hits="0"/>
					</lines>
				</class>
				<class name="hcode_chat.py" filename="hcode/hcode_chat.py" complexity="0" line-rate="0.1661" branch-rate="0.005263">
					<methods/>
					<lines>
						<line number="6" hits="1"/>
						<line number="7" hits="1"/>
						<line number="8" hits="1"/>
						<line number="9" hits="1"/>
						<line number="10" hits="1"/>
						<line number="11" hits="1"/>
						<line number="12" hits="1"/>
						<line number="13" hits="1"/>
						<line number="15" hits="1"/>
						<line number="17" hits="1"/>
						<line number="18" hits="1"/>
						<line number="19" hits="1"/>
						<line number="20" hits="1"/>
						<line number="21" hits="1"/>
						<line number="23" hits="1"/>
						<line number="34" hits="1"/>
						<line number="35" hits="1"/>
						<line number="36" hits="1"/>
						<line number="37" hits="1"/>
						<line number="38" hits="1"/>
						<line number="39" hits="1"/>
						<line number="40" hits="1"/>
						<line number="41" hits="1"/>
						<line number="42" hits="1"/>
						<line number="43" hits="1"/>
						<line number="46" hits="1"/>
						<line number="49" hits="1"/>
						<line number="50" hits="1"/>
						<line number="51" hits="1"/>
						<line number="52" hits="1"/>
						<line number="53" hits="1"/>
						<line number="56" hits="1"/>
						<line number="70" hits="1"/>
						<line number="76" hits="0"/>
						<line number="77" hits="0"/>
						<line number="78" hits="0"/>
						<line number="79" hits="0"/>
						<line number="80" hits="0"/>
						<line number="81" hits="0"/>
						<line number="82" hits="0"/>
						<line number="83" hits="0"/>
						<line number="84" hits="0"/>
						<line number="87" hits="0"/>
						<line number="90" hits="0"/>
						<line number="95" hits="0"/>
						<line number="96" hits="0"/>
						<line number="97" hits="0"/>
						<line number="102" hits="0"/>
						<line number="104" hits="0"/>
						<line number="107" hits="0"/>
						<line number="108" hits="0"/>
						<line number="109" hits="0"/>
						<line number="110" hits="0"/>
						<line number="113" hits="0"/>
						<line number="116" hits="0"/>
						<line number="117" hits="0"/>
						<line number="118" hits="0"/>
						<line number="121" hits="0"/>
						<line number="124" hits="0"/>
						<line number="126" hits="1"/>
						<line number="128" hits="0"/>
						<line number="129" hits="0"/>
						<line number="132" hits="0"/>
						<line number="135" hits="0"/>
						<line number="138" hits="0"/>
						<line number="141" hits="0"/>
						<line number="143" hits="1"/>
						<line number="145" hits="0"/>
						<line number="146" hits="0"/>
						<line number="148" hits="1"/>
						<line number="150" hits="0" branch="true" condition-coverage="0% (0/2)" missing-branches="151,153"/>
						<line number="151" hits="0"/>
						<line number="153" hits="0"/>
						<line number="155" hits="1"/>
						<line number="157" hits="0"/>
						<line number="158" hits="0"/>
						<line number="159" hits="0"/>
						<line number="161" hits="1"/>
						<line number="163" hits="0"/>
						<line number="191" hits="1"/>
						<line number="193" hits="0"/>
						<line number="216" hits="1"/>
						<line number="219" hits="0"/>
						<line number="222" hits="0"/>
						<line number="225" hits="0"/>
						<line number="229" hits="0" branch="true" condition-coverage="0% (0/2)" missing-branches="230,243"/>
						<line number="230" hits="0"/>
						<line number="240" hits="0"/>
						<line number="243" hits="0"/>
						<line number="244" hits="0"/>
						<line number="247" hits="0"/>
						<line number="250" hits="0"/>
						<line number="255" hits="0"/>
						<line number="259" hits="0"/>
						<line number="271" hits="0"/>
						<line number="273" hits="1"/>
						<line number="275" hits="0"/>
						<line number="281" hits="0"/>
						<line number="309" hits="1"/>
						<line number="312" hits="0"/>
						<line number="315" hits="0"/>
						<line number="318" hits="0"/>
						<line number="319" hits="0"/>
						<line number="326" hits="0" branch="true" condition-coverage="0% (0/2)" missing-branches="327,330"/>
						<line number="327" hits="0"/>
						<line number="330" hits="0"/>
						<line number="331" hits="0"/>
						<line number="334" hits="0"/>
						<line number="339" hits="0"/>
						<line number="340" hits="0"/>
						<line number="341" hits="0"/>
						<line number="342" hits="0"/>
						<line number="345" hits="0"/>
						<line number="356" hits="0"/>
						<line number="364" hits="0"/>
						<line number="365" hits="0"/>
						<line number="366" hits="0" branch="true" condition-coverage="0% (0/2)" missing-branches="367,372"/>
						<line number="367" hits="0" branch="true" condition-coverage="0% (0/2)" missing-branches="368,369"/>
						<line number="368" hits="0"/>
						<line number="369" hits="0"/>
						<line number="370" hits="0"/>
						<line number="372" hits="0"/>
						<line number="375" hits="0"/>
						<line number="376" hits="0"/>
						<line number="377" hits="0"/>
						<line number="378" hits="0"/>
						<line number="379" hits="0"/>
						<line number="380" hits="0"/>
						<line number="383" hits="0"/>
						<line number="384" hits="0"/>
						<line number="385" hits="0"/>
						<line number="387" hits="1"/>
						<line number="389" hits="0"/>
						<line number="392" hits="0"/>
						<line number="393" hits="0"/>
						<line number="395" hits="0"/>
						<line number="402" hits="0" branch="true" condition-coverage="0% (0/2)" missing-branches="403,406"/>
						<line number="403" hits="0"/>
						<line number="404" hits="0"/>
						<line number="406" hits="0"/>
						<line number="407" hits="0"/>
						<line number="409" hits="0"/>
						<line number="415" hits="0" branch="true" condition-coverage="0% (0/2)" missing-branches="416,419"/>
						<line number="416" hits="0"/>
						<line number="417" hits="0"/>
						<line number="419" hits="0"/>
						<line number="420" hits="0"/>
						<line number="422" hits="0"/>
						<line number="431" hits="1"/>
						<line number="442" hits="0" branch="true" condition-coverage="0% (0/2)" missing-branches="443,445"/>
						<line number="443" hits="0"/>
						<line number="445" hits="0" branch="true" condition-coverage="0% (0/2)" missing-branches="446,449"/>
						<line number="446" hits="0"/>
						<line number="449" hits="0"/>
						<line number="452" hits="0"/>
						<line number="460" hits="0"/>
						<line number="468" hits="0"/>
						<line number="470" hits="1"/>
						<line number="472" hits="0"/>
						<line number="473" hits="0"/>
						<line number="475" hits="0" branch="true" condition-coverage="0% (0/2)" missing-branches="476,478"/>
						<line number="476" hits="0"/>
						<line number="478" hits="0"/>
						<line number="480" hits="1"/>
						<line number="483" hits="0" branch="true" condition-coverage="0% (0/2)" missing-branches="485,489"/>
						<line number="485" hits="0"/>
						<line number="486" hits="0"/>
						<line number="487" hits="0"/>
						<line number="489" hits="0" branch="true" condition-coverage="0% (0/2)" missing-branches="491,503"/>
						<line number="491" hits="0"/>
						<line number="492" hits="0" branch="true" condition-coverage="0% (0/2)" missing-branches="493,513"/>
						<line number="493" hits="0"/>
						<line number="494" hits="0"/>
						<line number="497" hits="0"/>
						<line number="498" hits="0"/>
						<line number="501" hits="0"/>
						<line number="503" hits="0" branch="true" condition-coverage="0% (0/2)" missing-branches="505,508"/>
						<line number="505" hits="0"/>
						<line number="506" hits="0"/>
						<line number="508" hits="0" branch="true" condition-coverage="0% (0/2)" missing-branches="510,513"/>
						<line number="510" hits="0"/>
						<line number="511" hits="0"/>
						<line number="513" hits="0"/>
						<line number="515" hits="1"/>
						<line number="517" hits="0"/>
						<line number="520" hits="0" branch="true" condition-coverage="0% (0/2)" missing-branches="539,542"/>
						<line number="539" hits="0"/>
						<line number="542" hits="0" branch="true" condition-coverage="0% (0/2)" missing-branches="546,548"/>
						<line number="546" hits="0"/>
						<line number="548" hits="0"/>
						<line number="550" hits="1"/>
						<line number="557" hits="0"/>
						<line number="560" hits="0"/>
						<line number="580" hits="0" branch="true" condition-coverage="0% (0/2)" missing-branches="582,595"/>
						<line number="582" hits="0"/>
						<line number="583" hits="0" branch="true" condition-coverage="0% (0/2)" missing-branches="584,591"/>
						<line number="584" hits="0" branch="true" condition-coverage="0% (0/2)" missing-branches="583,585"/>
						<line number="585" hits="0"/>
						<line number="587" hits="0" branch="true" condition-coverage="0% (0/2)" missing-branches="583,588"/>
						<line number="588" hits="0"/>
						<line number="589" hits="0"/>
						<line number="591" hits="0" branch="true" condition-coverage="0% (0/2)" missing-branches="593,595"/>
						<line number="593" hits="0"/>
						<line number="595" hits="0"/>
						<line number="597" hits="1"/>
						<line number="608" hits="0"/>
						<line number="611" hits="0" branch="true" condition-coverage="0% (0/2)" missing-branches="612,621"/>
						<line number="612" hits="0"/>
						<line number="615" hits="0"/>
						<line number="616" hits="0"/>
						<line number="617" hits="0"/>
						<line number="618" hits="0"/>
						<line number="621" hits="0"/>
						<line number="622" hits="0" branch="true" condition-coverage="0% (0/2)" missing-branches="623,628"/>
						<line number="623" hits="0"/>
						<line number="624" hits="0" branch="true" condition-coverage="0% (0/2)" missing-branches="625,628"/>
						<line number="625" hits="0"/>
						<line number="628" hits="0"/>
						<line number="638" hits="0" branch="true" condition-coverage="0% (0/2)" missing-branches="641,661"/>
						<line number="641" hits="0" branch="true" condition-coverage="0% (0/2)" missing-branches="643,654"/>
						<line number="643" hits="0" branch="true" condition-coverage="0% (0/2)" missing-branches="649,650"/>
						<line number="649" hits="0"/>
						<line number="650" hits="0" branch="true" condition-coverage="0% (0/2)" missing-branches="641,652"/>
						<line number="652" hits="0"/>
						<line number="654" hits="0"/>
						<line number="657" hits="0"/>
						<line number="658" hits="0"/>
						<line number="659" hits="0"/>
						<line number="661" hits="0"/>
						<line number="663" hits="1"/>
						<line number="665" hits="0"/>
						<line number="682" hits="0"/>
						<line number="683" hits="0"/>
						<line number="685" hits="1"/>
						<line number="687" hits="0"/>
						<line number="695" hits="0"/>
						<line number="697" hits="0"/>
						<line number="699" hits="0" branch="true" condition-coverage="0% (0/2)" missing-branches="700,701"/>
						<line number="700" hits="0"/>
						<line number="701" hits="0" branch="true" condition-coverage="0% (0/2)" missing-branches="702,704"/>
						<line number="702" hits="0"/>
						<line number="704" hits="0"/>
						<line number="706" hits="1"/>
						<line number="708" hits="0"/>
						<line number="710" hits="0" branch="true" condition-coverage="0% (0/2)" missing-branches="711,712"/>
						<line number="711" hits="0"/>
						<line number="712" hits="0" branch="true" condition-coverage="0% (0/2)" missing-branches="713,714"/>
						<line number="713" hits="0"/>
						<line number="714" hits="0" branch="true" condition-coverage="0% (0/2)" missing-branches="715,716"/>
						<line number="715" hits="0"/>
						<line number="716" hits="0" branch="true" condition-coverage="0% (0/2)" missing-branches="717,718"/>
						<line number="717" hits="0"/>
						<line number="718" hits="0" branch="true" condition-coverage="0% (0/2)" missing-branches="719,721"/>
						<line number="719" hits="0"/>
						<line number="721" hits="0"/>
						<line number="723" hits="1"/>
						<line number="725" hits="0"/>
						<line number="733" hits="0"/>
						<line number="734" hits="0"/>
						<line number="736" hits="1"/>
						<line number="739" hits="0"/>
						<line number="742" hits="0"/>
						<line number="745" hits="0"/>
						<line number="747" hits="1"/>
						<line number="749" hits="0"/>
						<line number="752" hits="0"/>
						<line number="754" hits="0" branch="true" condition-coverage="0% (0/2)" missing-branches="760,789"/>
						<line number="760" hits="0"/>
						<line number="789" hits="0" branch="true" condition-coverage="0% (0/2)" missing-branches="790,819"/>
						<line number="790" hits="0"/>
						<line number="819" hits="0" branch="true" condition-coverage="0% (0/2)" missing-branches="820,849"/>
						<line number="820" hits="0"/>
						<line number="849" hits="0" branch="true" condition-coverage="0% (0/2)" missing-branches="855,876"/>
						<line number="855" hits="0"/>
						<line number="876" hits="0"/>
						<line number="896" hits="0"/>
						<line number="898" hits="1"/>
						<line number="900" hits="0" branch="true" condition-coverage="0% (0/2)" missing-branches="901,905"/>
						<line number="901" hits="0"/>
						<line number="902" hits="0"/>
						<line number="905" hits="0"/>
						<line number="915" hits="0"/>
						<line number="916" hits="0"/>
						<line number="918" hits="1"/>
						<line number="921" hits="0" branch="true" condition-coverage="0% (0/2)" missing-branches="exit,922"/>
						<line number="922" hits="0"/>
						<line number="923" hits="0"/>
						<line number="925" hits="1"/>
						<line number="928" hits="0"/>
						<line number="931" hits="0"/>
						<line number="932" hits="0"/>
						<line number="935" hits="0"/>
						<line number="936" hits="0"/>
						<line number="938" hits="0"/>
						<line number="945" hits="0" branch="true" condition-coverage="0% (0/2)" missing-branches="946,950"/>
						<line number="946" hits="0"/>
						<line number="947" hits="0"/>
						<line number="950" hits="0"/>
						<line number="951" hits="0"/>
						<line number="953" hits="0"/>
						<line number="960" hits="0" branch="true" condition-coverage="0% (0/2)" missing-branches="961,965"/>
						<line number="961" hits="0"/>
						<line number="962" hits="0"/>
						<line number="965" hits="0"/>
						<line number="966" hits="0"/>
						<line number="968" hits="0"/>
						<line number="974" hits="0" branch="true" condition-coverage="0% (0/2)" missing-branches="975,979"/>
						<line number="975" hits="0"/>
						<line number="976" hits="0"/>
						<line number="979" hits="0"/>
						<line number="980" hits="0"/>
						<line number="982" hits="0"/>
						<line number="988" hits="0" branch="true" condition-coverage="0% (0/2)" missing-branches="989,993"/>
						<line number="989" hits="0"/>
						<line number="990" hits="0"/>
						<line number="993" hits="0"/>
						<line number="994" hits="0"/>
						<line number="996" hits="0"/>
						<line number="1001" hits="0" branch="true" condition-coverage="0% (0/2)" missing-branches="1002,1006"/>
						<line number="1002" hits="0"/>
						<line number="1003" hits="0"/>
						<line number="1006" hits="0"/>
						<line number="1007" hits="0"/>
						<line number="1008" hits="0"/>
						<line number="1014" hits="0" branch="true" condition-coverage="0% (0/2)" missing-branches="1015,1019"/>
						<line number="1015" hits="0"/>
						<line number="1016" hits="0"/>
						<line number="1019" hits="0"/>
						<line number="1023" hits="0"/>
						<line number="1025" hits="1"/>
						<line number="1027" hits="0"/>
						<line number="1028" hits="0"/>
						<line number="1029" hits="0" branch="true" condition-coverage="0% (0/2)" missing-branches="1030,1031"/>
						<line number="1030" hits="0"/>
						<line number="1031" hits="0"/>
						<line number="1032" hits="0"/>
						<line number="1034" hits="1"/>
						<line number="1036" hits="0"/>
						<line number="1038" hits="1"/>
						<line number="1040" hits="0"/>
						<line number="1041" hits="0"/>
						<line number="1043" hits="1"/>
						<line number="1045" hits="0" branch="true" condition-coverage="0% (0/2)" missing-branches="1046,1048"/>
						<line number="1046" hits="0"/>
						<line number="1048" hits="0"/>
						<line number="1050" hits="0"/>
						<line number="1060" hits="0" branch="true" condition-coverage="0% (0/2)" missing-branches="1061,1063"/>
						<line number="1061" hits="0"/>
						<line number="1063" hits="0"/>
						<line number="1065" hits="1"/>
						<line number="1067" hits="0"/>
						<line number="1076" hits="0"/>
						<line number="1078" hits="1"/>
						<line number="1080" hits="0"/>
						<line number="1086" hits="0"/>
						<line number="1093" hits="0"/>
						<line number="1094" hits="0"/>
						<line number="1096" hits="0"/>
						<line number="1099" hits="0"/>
						<line number="1101" hits="1"/>
						<line number="1103" hits="0"/>
						<line number="1115" hits="0" branch="true" condition-coverage="0% (0/2)" missing-branches="1116,1129"/>
						<line number="1116" hits="0"/>
						<line number="1117" hits="0" branch="true" condition-coverage="0% (0/2)" missing-branches="1118,1129"/>
						<line number="1118" hits="0"/>
						<line number="1119" hits="0" branch="true" condition-coverage="0% (0/2)" missing-branches="1120,1121"/>
						<line number="1120" hits="0"/>
						<line number="1121" hits="0" branch="true" condition-coverage="0% (0/2)" missing-branches="1122,1123"/>
						<line number="1122" hits="0"/>
						<line number="1123" hits="0" branch="true" condition-coverage="0% (0/2)" missing-branches="1124,1125"/>
						<line number="1124" hits="0"/>
						<line number="1125" hits="0" branch="true" condition-coverage="0% (0/2)" missing-branches="1126,1127"/>
						<line number="1126" hits="0"/>
						<line number="1127" hits="0"/>
						<line number="1129" hits="0"/>
						<line number="1131" hits="1"/>
						<line number="1134" hits="0"/>
						<line number="1136" hits="1"/>
						<line number="1138" hits="0" branch="true" condition-coverage="0% (0/2)" missing-branches="1139,1141"/>
						<line number="1139" hits="0"/>
						<line number="1141" hits="0" branch="true" condition-coverage="0% (0/2)" missing-branches="1142,1144"/>
						<line number="1142" hits="0"/>
						<line number="1143" hits="0"/>
						<line number="1144" hits="0"/>
						<line number="1146" hits="1"/>
						<line number="1148" hits="0" branch="true" condition-coverage="0% (0/2)" missing-branches="1149,1151"/>
						<line number="1149" hits="0"/>
						<line number="1151" hits="0" branch="true" condition-coverage="0% (0/2)" missing-branches="1152,1154"/>
						<line number="1152" hits="0"/>
						<line number="1153" hits="0"/>
						<line number="1154" hits="0"/>
						<line number="1156" hits="1"/>
						<line number="1158" hits="0"/>
						<line number="1161" hits="0"/>
						<line number="1163" hits="0"/>
						<line number="1164" hits="0" branch="true" condition-coverage="0% (0/2)" missing-branches="1166,1168"/>
						<line number="1166" hits="0"/>
						<line number="1168" hits="0"/>
						<line number="1170" hits="1"/>
						<line number="1172" hits="0"/>
						<line number="1175" hits="0"/>
						<line number="1177" hits="1"/>
						<line number="1180" hits="0"/>
						<line number="1182" hits="1"/>
						<line number="1184" hits="0" branch="true" condition-coverage="0% (0/2)" missing-branches="1185,1188"/>
						<line number="1185" hits="0"/>
						<line number="1188" hits="0"/>
						<line number="1194" hits="1"/>
						<line number="1196" hits="0"/>
						<line number="1197" hits="0"/>
						<line number="1199" hits="1"/>
						<line number="1201" hits="0"/>
						<line number="1202" hits="0"/>
						<line number="1204" hits="1"/>
						<line number="1206" hits="0"/>
						<line number="1207" hits="0"/>
						<line number="1209" hits="1"/>
						<line number="1211" hits="0" branch="true" condition-coverage="0% (0/2)" missing-branches="1213,1225"/>
						<line number="1213" hits="0"/>
						<line number="1214" hits="0"/>
						<line number="1220" hits="0" branch="true" condition-coverage="0% (0/2)" missing-branches="1221,1223"/>
						<line number="1221" hits="0"/>
						<line number="1223" hits="0"/>
						<line number="1225" hits="0"/>
						<line number="1226" hits="0"/>
						<line number="1228" hits="1"/>
						<line number="1231" hits="0"/>
						<line number="1236" hits="0"/>
						<line number="1238" hits="1"/>
						<line number="1241" hits="0"/>
						<line number="1243" hits="1"/>
						<line number="1246" hits="0"/>
						<line number="1248" hits="1"/>
						<line number="1250" hits="0" branch="true" condition-coverage="0% (0/2)" missing-branches="1251,1253"/>
						<line number="1251" hits="0"/>
						<line number="1252" hits="0"/>
						<line number="1253" hits="0"/>
						<line number="1255" hits="1"/>
						<line number="1257" hits="0" branch="true" condition-coverage="0% (0/2)" missing-branches="1258,1260"/>
						<line number="1258" hits="0"/>
						<line number="1259" hits="0"/>
						<line number="1260" hits="0"/>
						<line number="1262" hits="1"/>
						<line number="1265" hits="0"/>
						<line number="1267" hits="1"/>
						<line number="1269" hits="0" branch="true" condition-coverage="0% (0/2)" missing-branches="1271,1280"/>
						<line number="1271" hits="0"/>
						<line number="1280" hits="0" branch="true" condition-coverage="0% (0/2)" missing-branches="1281,1301"/>
						<line number="1281" hits="0" branch="true" condition-coverage="0% (0/2)" missing-branches="1282,1292"/>
						<line number="1282" hits="0"/>
						<line number="1292" hits="0"/>
						<line number="1301" hits="0" branch="true" condition-coverage="0% (0/2)" missing-branches="1302,1304"/>
						<line number="1302" hits="0" branch="true" condition-coverage="0% (0/2)" missing-branches="exit,1303"/>
						<line number="1303" hits="0"/>
						<line number="1304" hits="0" branch="true" condition-coverage="0% (0/2)" missing-branches="exit,1305"/>
						<line number="1305" hits="0" branch="true" condition-coverage="0% (0/2)" missing-branches="exit,1306"/>
						<line number="1306" hits="0"/>
						<line number="1310" hits="1"/>
						<line number="1312" hits="0"/>
						<line number="1315" hits="0"/>
						<line number="1318" hits="0"/>
						<line number="1319" hits="0"/>
						<line number="1321" hits="0"/>
						<line number="1323" hits="0" branch="true" condition-coverage="0% (0/2)" missing-branches="1324,1327"/>
						<line number="1324" hits="0"/>
						<line number="1327" hits="0"/>
						<line number="1330" hits="0" branch="true" condition-coverage="0% (0/2)" missing-branches="1331,1335"/>
						<line number="1331" hits="0"/>
						<line number="1332" hits="0"/>
						<line number="1335" hits="0" branch="true" condition-coverage="0% (0/2)" missing-branches="1318,1336"/>
						<line number="1336" hits="0"/>
						<line number="1338" hits="0"/>
						<line number="1339" hits="0"/>
						<line number="1342" hits="0"/>
						<line number="1343" hits="0"/>
						<line number="1344" hits="0"/>
						<line number="1345" hits="0"/>
						<line number="1346" hits="0"/>
						<line number="1347" hits="0" branch="true" condition-coverage="0% (0/2)" missing-branches="1318,1348"/>
						<line number="1348" hits="0"/>
						<line number="1350" hits="0"/>
						<line number="1352" hits="1"/>
						<line number="1355" hits="0"/>
						<line number="1356" hits="0"/>
						<line number="1357" hits="0"/>
						<line number="1359" hits="0"/>
						<line number="1360" hits="0"/>
						<line number="1361" hits="0"/>
						<line number="1364" hits="0"/>
						<line number="1366" hits="0"/>
						<line number="1367" hits="0"/>
						<line number="1370" hits="0"/>
						<line number="1373" hits="0"/>
						<line number="1374" hits="0"/>
						<line number="1375" hits="0"/>
						<line number="1376" hits="0" branch="true" condition-coverage="0% (0/2)" missing-branches="1377,1384"/>
						<line number="1377" hits="0"/>
						<line number="1380" hits="0"/>
						<line number="1384" hits="0"/>
						<line number="1385" hits="0"/>
						<line number="1386" hits="0"/>
						<line number="1391" hits="0"/>
						<line number="1394" hits="0"/>
						<line number="1400" hits="0"/>
						<line number="1403" hits="0"/>
						<line number="1404" hits="0"/>
						<line number="1405" hits="0"/>
						<line number="1406" hits="0"/>
						<line number="1407" hits="0"/>
						<line number="1408" hits="0"/>
						<line number="1409" hits="0"/>
						<line number="1412" hits="0"/>
						<line number="1413" hits="0"/>
						<line number="1415" hits="1"/>
						<line number="1417" hits="0"/>
						<line number="1419" hits="0" branch="true" condition-coverage="0% (0/2)" missing-branches="1420,1427"/>
						<line number="1420" hits="0"/>
						<line number="1421" hits="0" branch="true" condition-coverage="0% (0/2)" missing-branches="1422,1427"/>
						<line number="1422" hits="0"/>
						<line number="1423" hits="0" branch="true" condition-coverage="0% (0/2)" missing-branches="1424,1427"/>
						<line number="1424" hits="0"/>
						<line number="1427" hits="0" branch="true" condition-coverage="0% (0/2)" missing-branches="1428,1434"/>
						<line number="1428" hits="0"/>
						<line number="1429" hits="0"/>
						<line number="1432" hits="0"/>
						<line number="1434" hits="0"/>
						<line number="1436" hits="1"/>
						<line number="1443" hits="0" branch="true" condition-coverage="0% (0/2)" missing-branches="1444,1447"/>
						<line number="1444" hits="0"/>
						<line number="1447" hits="0"/>
						<line number="1450" hits="0"/>
						<line number="1451" hits="0" branch="true" condition-coverage="0% (0/2)" missing-branches="1452,1455"/>
						<line number="1452" hits="0"/>
						<line number="1455" hits="0" branch="true" condition-coverage="0% (0/2)" missing-branches="1456,1471"/>
						<line number="1456" hits="0"/>
						<line number="1457" hits="0"/>
						<line number="1458" hits="0" branch="true" condition-coverage="0% (0/2)" missing-branches="1459,1465"/>
						<line number="1459" hits="0"/>
						<line number="1460" hits="0" branch="true" condition-coverage="0% (0/2)" missing-branches="1461,1464"/>
						<line number="1461" hits="0"/>
						<line number="1464" hits="0"/>
						<line number="1465" hits="0" branch="true" condition-coverage="0% (0/2)" missing-branches="1455,1467"/>
						<line number="1467" hits="0"/>
						<line number="1468" hits="0"/>
						<line number="1469" hits="0"/>
						<line number="1471" hits="0"/>
						<line number="1473" hits="1"/>
						<line number="1476" hits="0"/>
						<line number="1477" hits="0"/>
						<line number="1479" hits="0" branch="true" condition-coverage="0% (0/2)" missing-branches="1480,1487"/>
						<line number="1480" hits="0"/>
						<line number="1487" hits="0"/>
						<line number="1491" hits="0"/>
						<line number="1493" hits="1"/>
						<line number="1495" hits="0"/>
						<line number="1496" hits="0"/>
						<line number="1497" hits="0"/>
						<line number="1499" hits="0"/>
						<line number="1500" hits="0"/>
						<line number="1501" hits="0"/>
						<line number="1502" hits="0"/>
						<line number="1503" hits="0"/>
						<line number="1504" hits="0"/>
						<line number="1506" hits="0"/>
						<line number="1509" hits="0"/>
						<line number="1512" hits="1"/>
						<line number="1513" hits="1"/>
						<line number="1514" hits="1"/>
						<line number="1521" hits="1"/>
						<line number="1522" hits="1"/>
						<line number="1523" hits="1"/>
						<line number="1530" hits="1"/>
						<line number="1544" hits="0"/>
						<line number="1547" hits="0" branch="true" condition-coverage="0% (0/2)" missing-branches="1548,1549"/>
						<line number="1548" hits="0"/>
						<line number="1549" hits="0" branch="true" condition-coverage="0% (0/2)" missing-branches="1550,1551"/>
						<line number="1550" hits="0"/>
						<line number="1551" hits="0" branch="true" condition-coverage="0% (0/2)" missing-branches="1552,1553"/>
						<line number="1552" hits="0"/>
						<line number="1553" hits="0" branch="true" condition-coverage="0% (0/2)" missing-branches="1554,1557"/>
						<line number="1554" hits="0"/>
						<line number="1557" hits="0"/>
						<line number="1560" hits="1" branch="true" condition-coverage="50% (1/2)" missing-branches="1561"/>
						<line number="1561" hits="0"/>
					</lines>
				</class>
				<class name="main_cli.py" filename="hcode/main_cli.py" complexity="0" line-rate="0" branch-rate="0">
					<methods/>
					<lines>
						<line number="5" hits="0"/>
						<line number="6" hits="0"/>
						<line number="7" hits="0"/>
						<line number="9" hits="0"/>
						<line number="10" hits="0"/>
						<line number="13" hits="0"/>
						<line number="15" hits="0"/>
						<line number="16" hits="0"/>
						<line number="17" hits="0"/>
						<line number="18" hits="0"/>
						<line number="19" hits="0"/>
						<line number="20" hits="0"/>
						<line number="21" hits="0"/>
						<line number="22" hits="0"/>
						<line number="25" hits="0"/>
						<line number="27" hits="0"/>
						<line number="28" hits="0"/>
						<line number="29" hits="0"/>
						<line number="32" hits="0"/>
						<line number="40" hits="0"/>
						<line number="44" hits="0"/>
						<line number="49" hits="0"/>
						<line number="52" hits="0"/>
						<line number="57" hits="0"/>
						<line number="62" hits="0"/>
						<line number="63" hits="0"/>
						<line number="66" hits="0"/>
						<line number="69" hits="0"/>
						<line number="72" hits="0"/>
						<line number="73" hits="0"/>
						<line number="76" hits="0"/>
						<line number="86" hits="0"/>
						<line number="89" hits="0"/>
						<line number="91" hits="0" branch="true" condition-coverage="0% (0/2)" missing-branches="93,99"/>
						<line number="93" hits="0"/>
						<line number="95" hits="0" branch="true" condition-coverage="0% (0/2)" missing-branches="97,99"/>
						<line number="97" hits="0"/>
						<line number="99" hits="0"/>
						<line number="103" hits="0"/>
						<line number="105" hits="0"/>
						<line number="106" hits="0"/>
						<line number="117" hits="0"/>
						<line number="135" hits="0"/>
						<line number="137" hits="0"/>
						<line number="138" hits="0"/>
						<line number="141" hits="0"/>
						<line number="143" hits="0"/>
						<line number="149" hits="0"/>
						<line number="152" hits="0"/>
						<line number="153" hits="0"/>
						<line number="154" hits="0"/>
						<line number="155" hits="0"/>
						<line number="173" hits="0" branch="true" condition-coverage="0% (0/2)" missing-branches="174,180"/>
						<line number="174" hits="0"/>
						<line number="175" hits="0"/>
						<line number="178" hits="0"/>
						<line number="180" hits="0" branch="true" condition-coverage="0% (0/2)" missing-branches="exit,181"/>
						<line number="181" hits="0"/>
						<line number="182" hits="0"/>
						<line number="183" hits="0"/>
						<line number="186" hits="0"/>
						<line number="187" hits="0"/>
						<line number="188" hits="0"/>
						<line number="195" hits="0"/>
						<line number="196" hits="0"/>
						<line number="202" hits="0"/>
						<line number="209" hits="0"/>
						<line number="210" hits="0"/>
						<line number="211" hits="0"/>
						<line number="212" hits="0"/>
						<line number="213" hits="0"/>
						<line number="214" hits="0"/>
						<line number="236" hits="0" branch="true" condition-coverage="0% (0/2)" missing-branches="237,243"/>
						<line number="237" hits="0"/>
						<line number="238" hits="0" branch="true" condition-coverage="0% (0/2)" missing-branches="239,243"/>
						<line number="239" hits="0"/>
						<line number="240" hits="0"/>
						<line number="243" hits="0"/>
						<line number="244" hits="0"/>
						<line number="246" hits="0"/>
						<line number="247" hits="0"/>
						<line number="250" hits="0"/>
						<line number="255" hits="0"/>
						<line number="258" hits="0"/>
						<line number="261" hits="0"/>
						<line number="264" hits="0"/>
						<line number="267" hits="0"/>
						<line number="269" hits="0" branch="true" condition-coverage="0% (0/2)" missing-branches="270,284"/>
						<line number="270" hits="0"/>
						<line number="281" hits="0"/>
						<line number="284" hits="0"/>
						<line number="286" hits="0"/>
						<line number="287" hits="0"/>
						<line number="290" hits="0" branch="true" condition-coverage="0% (0/2)" missing-branches="292,300"/>
						<line number="292" hits="0" branch="true" condition-coverage="0% (0/2)" missing-branches="293,294"/>
						<line number="293" hits="0"/>
						<line number="294" hits="0" branch="true" condition-coverage="0% (0/2)" missing-branches="295,298"/>
						<line number="295" hits="0"/>
						<line number="298" hits="0"/>
						<line number="299" hits="0"/>
						<line number="300" hits="0" branch="true" condition-coverage="0% (0/2)" missing-branches="302,306"/>
						<line number="302" hits="0"/>
						<line number="303" hits="0"/>
						<line number="306" hits="0"/>
						<line number="307" hits="0"/>
						<line number="310" hits="0"/>
						<line number="316" hits="0"/>
						<line number="317" hits="0"/>
						<line number="319" hits="0"/>
						<line number="329" hits="0"/>
						<line number="332" hits="0"/>
						<line number="339" hits="0"/>
						<line number="340" hits="0" branch="true" condition-coverage="0% (0/2)" missing-branches="341,343"/>
						<line number="341" hits="0"/>
						<line number="343" hits="0"/>
						<line number="353" hits="0" branch="true" condition-coverage="0% (0/2)" missing-branches="354,363"/>
						<line number="354" hits="0"/>
						<line number="363" hits="0"/>
						<line number="365" hits="0"/>
						<line number="366" hits="0"/>
						<line number="367" hits="0"/>
						<line number="368" hits="0"/>
						<line number="369" hits="0"/>
						<line number="371" hits="0"/>
						<line number="372" hits="0"/>
						<line number="374" hits="0"/>
						<line number="375" hits="0"/>
						<line number="376" hits="0"/>
						<line number="377" hits="0"/>
						<line number="378" hits="0"/>
						<line number="386" hits="0" branch="true" condition-coverage="0% (0/2)" missing-branches="387,388"/>
						<line number="387" hits="0"/>
						<line number="388" hits="0"/>
						<line number="391" hits="0"/>
						<line number="392" hits="0"/>
						<line number="399" hits="0"/>
						<line number="400" hits="0"/>
						<line number="401" hits="0"/>
						<line number="404" hits="0"/>
						<line number="423" hits="0"/>
						<line number="425" hits="0"/>
						<line number="426" hits="0"/>
						<line number="429" hits="0"/>
						<line number="432" hits="0"/>
						<line number="437" hits="0"/>
						<line number="440" hits="0"/>
						<line number="444" hits="0" branch="true" condition-coverage="0% (0/2)" missing-branches="445,449"/>
						<line number="445" hits="0"/>
						<line number="446" hits="0"/>
						<line number="449" hits="0" branch="true" condition-coverage="0% (0/2)" missing-branches="450,453"/>
						<line number="450" hits="0"/>
						<line number="453" hits="0"/>
						<line number="454" hits="0" branch="true" condition-coverage="0% (0/2)" missing-branches="455,456"/>
						<line number="455" hits="0"/>
						<line number="456" hits="0"/>
						<line number="458" hits="0"/>
						<line number="459" hits="0"/>
						<line number="470" hits="0"/>
						<line number="473" hits="0" branch="true" condition-coverage="0% (0/2)" missing-branches="474,479"/>
						<line number="474" hits="0"/>
						<line number="479" hits="0"/>
						<line number="480" hits="0"/>
						<line number="483" hits="0"/>
						<line number="498" hits="0"/>
						<line number="501" hits="0"/>
						<line number="502" hits="0"/>
						<line number="504" hits="0"/>
						<line number="505" hits="0"/>
						<line number="506" hits="0"/>
						<line number="509" hits="0"/>
						<line number="513" hits="0"/>
						<line number="516" hits="0"/>
						<line number="519" hits="0"/>
						<line number="531" hits="0" branch="true" condition-coverage="0% (0/2)" missing-branches="532,534"/>
						<line number="532" hits="0"/>
						<line number="534" hits="0" branch="true" condition-coverage="0% (0/2)" missing-branches="535,541"/>
						<line number="535" hits="0" branch="true" condition-coverage="0% (0/2)" missing-branches="537,538"/>
						<line number="537" hits="0"/>
						<line number="538" hits="0"/>
						<line number="541" hits="0"/>
						<line number="542" hits="0"/>
						<line number="549" hits="0"/>
						<line number="552" hits="0"/>
						<line number="554" hits="0" branch="true" condition-coverage="0% (0/2)" missing-branches="555,557"/>
						<line number="555" hits="0"/>
						<line number="557" hits="0"/>
						<line number="563" hits="0"/>
						<line number="564" hits="0"/>
						<line number="567" hits="0" branch="true" condition-coverage="0% (0/2)" missing-branches="568,571"/>
						<line number="568" hits="0"/>
						<line number="571" hits="0"/>
						<line number="574" hits="0"/>
						<line number="576" hits="0" branch="true" condition-coverage="0% (0/2)" missing-branches="577,580"/>
						<line number="577" hits="0"/>
						<line number="580" hits="0" branch="true" condition-coverage="0% (0/2)" missing-branches="581,984"/>
						<line number="581" hits="0"/>
						<line number="583" hits="0" branch="true" condition-coverage="0% (0/2)" missing-branches="584,589"/>
						<line number="584" hits="0" branch="true" condition-coverage="0% (0/2)" missing-branches="585,587"/>
						<line number="585" hits="0"/>
						<line number="586" hits="0"/>
						<line number="587" hits="0"/>
						<line number="589" hits="0" branch="true" condition-coverage="0% (0/2)" missing-branches="590,597"/>
						<line number="590" hits="0"/>
						<line number="591" hits="0"/>
						<line number="592" hits="0"/>
						<line number="593" hits="0" branch="true" condition-coverage="0% (0/2)" missing-branches="594,595"/>
						<line number="594" hits="0"/>
						<line number="595" hits="0"/>
						<line number="597" hits="0" branch="true" condition-coverage="0% (0/2)" missing-branches="599,612"/>
						<line number="599" hits="0" branch="true" condition-coverage="0% (0/2)" missing-branches="601,609"/>
						<line number="601" hits="0"/>
						<line number="609" hits="0"/>
						<line number="610" hits="0"/>
						<line number="612" hits="0" branch="true" condition-coverage="0% (0/2)" missing-branches="614,620"/>
						<line number="614" hits="0"/>
						<line number="615" hits="0" branch="true" condition-coverage="0% (0/2)" missing-branches="616,618"/>
						<line number="616" hits="0"/>
						<line number="617" hits="0"/>
						<line number="618" hits="0"/>
						<line number="620" hits="0" branch="true" condition-coverage="0% (0/2)" missing-branches="622,626"/>
						<line number="622" hits="0"/>
						<line number="623" hits="0"/>
						<line number="624" hits="0"/>
						<line number="626" hits="0" branch="true" condition-coverage="0% (0/2)" missing-branches="628,669"/>
						<line number="628" hits="0"/>
						<line number="630" hits="0"/>
						<line number="631" hits="0"/>
						<line number="633" hits="0" branch="true" condition-coverage="0% (0/2)" missing-branches="634,636"/>
						<line number="634" hits="0"/>
						<line number="636" hits="0"/>
						<line number="637" hits="0" branch="true" condition-coverage="0% (0/2)" missing-branches="638,661"/>
						<line number="638" hits="0"/>
						<line number="641" hits="0"/>
						<line number="642" hits="0"/>
						<line number="644" hits="0"/>
						<line number="645" hits="0"/>
						<line number="646" hits="0"/>
						<line number="647" hits="0"/>
						<line number="648" hits="0"/>
						<line number="650" hits="0" branch="true" condition-coverage="0% (0/2)" missing-branches="651,659"/>
						<line number="651" hits="0"/>
						<line number="652" hits="0"/>
						<line number="659" hits="0"/>
						<line number="661" hits="0"/>
						<line number="664" hits="0"/>
						<line number="667" hits="0"/>
						<line number="669" hits="0" branch="true" condition-coverage="0% (0/2)" missing-branches="671,716"/>
						<line number="671" hits="0"/>
						<line number="673" hits="0"/>
						<line number="674" hits="0"/>
						<line number="676" hits="0" branch="true" condition-coverage="0% (0/2)" missing-branches="677,679"/>
						<line number="677" hits="0"/>
						<line number="679" hits="0"/>
						<line number="680" hits="0" branch="true" condition-coverage="0% (0/2)" missing-branches="681,686"/>
						<line number="681" hits="0"/>
						<line number="684" hits="0"/>
						<line number="686" hits="0"/>
						<line number="687" hits="0"/>
						<line number="690" hits="0" branch="true" condition-coverage="0% (0/2)" missing-branches="691,695"/>
						<line number="691" hits="0" branch="true" condition-coverage="0% (0/2)" missing-branches="690,692"/>
						<line number="692" hits="0"/>
						<line number="693" hits="0"/>
						<line number="695" hits="0"/>
						<line number="696" hits="0"/>
						<line number="697" hits="0"/>
						<line number="700" hits="0"/>
						<line number="703" hits="0" branch="true" condition-coverage="0% (0/2)" missing-branches="704,706"/>
						<line number="704" hits="0"/>
						<line number="706" hits="0"/>
						<line number="707" hits="0"/>
						<line number="708" hits="0"/>
						<line number="709" hits="0"/>
						<line number="710" hits="0"/>
						<line number="711" hits="0"/>
						<line number="714" hits="0"/>
						<line number="716" hits="0" branch="true" condition-coverage="0% (0/2)" missing-branches="718,817"/>
						<line number="718" hits="0"/>
						<line number="719" hits="0" branch="true" condition-coverage="0% (0/2)" missing-branches="720,735"/>
						<line number="720" hits="0"/>
						<line number="721" hits="0"/>
						<line number="722" hits="0" branch="true" condition-coverage="0% (0/2)" missing-branches="723,731"/>
						<line number="723" hits="0"/>
						<line number="731" hits="0"/>
						<line number="732" hits="0"/>
						<line number="735" hits="0"/>
						<line number="736" hits="0"/>
						<line number="737" hits="0" branch="true" condition-coverage="0% (0/2)" missing-branches="738,742"/>
						<line number="738" hits="0" branch="true" condition-coverage="0% (0/2)" missing-branches="739,740"/>
						<line number="739" hits="0"/>
						<line number="740" hits="0"/>
						<line number="742" hits="0"/>
						<line number="746" hits="0" branch="true" condition-coverage="0% (0/2)" missing-branches="747,763"/>
						<line number="747" hits="0"/>
						<line number="750" hits="0"/>
						<line number="751" hits="0"/>
						<line number="752" hits="0"/>
						<line number="753" hits="0"/>
						<line number="755" hits="0" branch="true" condition-coverage="0% (0/2)" missing-branches="756,759"/>
						<line number="756" hits="0"/>
						<line number="757" hits="0"/>
						<line number="759" hits="0"/>
						<line number="760" hits="0"/>
						<line number="763" hits="0"/>
						<line number="764" hits="0"/>
						<line number="765" hits="0"/>
						<line number="766" hits="0"/>
						<line number="767" hits="0"/>
						<line number="768" hits="0"/>
						<line number="769" hits="0"/>
						<line number="770" hits="0"/>
						<line number="771" hits="0"/>
						<line number="772" hits="0"/>
						<line number="773" hits="0"/>
						<line number="776" hits="0"/>
						<line number="777" hits="0"/>
						<line number="778" hits="0"/>
						<line number="779" hits="0"/>
						<line number="780" hits="0"/>
						<line number="781" hits="0"/>
						<line number="782" hits="0"/>
						<line number="783" hits="0"/>
						<line number="784" hits="0"/>
						<line number="785" hits="0"/>
						<line number="788" hits="0"/>
						<line number="789" hits="0"/>
						<line number="790" hits="0"/>
						<line number="791" hits="0"/>
						<line number="792" hits="0"/>
						<line number="793" hits="0"/>
						<line number="794" hits="0"/>
						<line number="795" hits="0"/>
						<line number="796" hits="0"/>
						<line number="797" hits="0"/>
						<line number="800" hits="0"/>
						<line number="801" hits="0"/>
						<line number="802" hits="0"/>
						<line number="803" hits="0"/>
						<line number="804" hits="0"/>
						<line number="805" hits="0"/>
						<line number="806" hits="0"/>
						<line number="807" hits="0"/>
						<line number="808" hits="0"/>
						<line number="809" hits="0"/>
						<line number="810" hits="0"/>
						<line number="812" hits="0"/>
						<line number="815" hits="0"/>
						<line number="817" hits="0" branch="true" condition-coverage="0% (0/2)" missing-branches="818,842"/>
						<line number="818" hits="0"/>
						<line number="821" hits="0"/>
						<line number="822" hits="0" branch="true" condition-coverage="0% (0/2)" missing-branches="823,831"/>
						<line number="823" hits="0"/>
						<line number="824" hits="0"/>
						<line number="827" hits="0"/>
						<line number="831" hits="0"/>
						<line number="838" hits="0"/>
						<line number="839" hits="0"/>
						<line number="840" hits="0"/>
						<line number="842" hits="0" branch="true" condition-coverage="0% (0/2)" missing-branches="844,893"/>
						<line number="844" hits="0"/>
						<line number="845" hits="0"/>
						<line number="848" hits="0"/>
						<line number="853" hits="0"/>
						<line number="856" hits="0"/>
						<line number="859" hits="0"/>
						<line number="862" hits="0"/>
						<line number="865" hits="0"/>
						<line number="868" hits="0"/>
						<line number="871" hits="0"/>
						<line number="874" hits="0" branch="true" condition-coverage="0% (0/2)" missing-branches="875,884"/>
						<line number="875" hits="0"/>
						<line number="876" hits="0" branch="true" condition-coverage="0% (0/2)" missing-branches="877,881"/>
						<line number="877" hits="0"/>
						<line number="880" hits="0"/>
						<line number="881" hits="0"/>
						<line number="884" hits="0"/>
						<line number="885" hits="0" branch="true" condition-coverage="0% (0/2)" missing-branches="886,891"/>
						<line number="886" hits="0"/>
						<line number="887" hits="0" branch="true" condition-coverage="0% (0/2)" missing-branches="888,891"/>
						<line number="888" hits="0"/>
						<line number="889" hits="0"/>
						<line number="890" hits="0"/>
						<line number="891" hits="0"/>
						<line number="893" hits="0" branch="true" condition-coverage="0% (0/2)" missing-branches="895,925"/>
						<line number="895" hits="0"/>
						<line number="896" hits="0"/>
						<line number="900" hits="0" branch="true" condition-coverage="0% (0/2)" missing-branches="901,905"/>
						<line number="901" hits="0"/>
						<line number="905" hits="0"/>
						<line number="908" hits="0" branch="true" condition-coverage="0% (0/2)" missing-branches="909,923"/>
						<line number="909" hits="0"/>
						<line number="918" hits="0"/>
						<line number="919" hits="0"/>
						<line number="920" hits="0"/>
						<line number="921" hits="0"/>
						<line number="922" hits="0"/>
						<line number="923" hits="0"/>
						<line number="925" hits="0" branch="true" condition-coverage="0% (0/2)" missing-branches="926,954"/>
						<line number="926" hits="0"/>
						<line number="927" hits="0" branch="true" condition-coverage="0% (0/2)" missing-branches="928,949"/>
						<line number="928" hits="0"/>
						<line number="929" hits="0"/>
						<line number="938" hits="0" branch="true" condition-coverage="0% (0/2)" missing-branches="939,945"/>
						<line number="939" hits="0"/>
						<line number="940" hits="0"/>
						<line number="941" hits="0"/>
						<line number="945" hits="0"/>
						<line number="949" hits="0"/>
						<line number="952" hits="0"/>
						<line number="954" hits="0" branch="true" condition-coverage="0% (0/2)" missing-branches="956,970"/>
						<line number="956" hits="0"/>
						<line number="957" hits="0"/>
						<line number="958" hits="0"/>
						<line number="959" hits="0"/>
						<line number="960" hits="0"/>
						<line number="961" hits="0"/>
						<line number="962" hits="0" branch="true" condition-coverage="0% (0/2)" missing-branches="963,967"/>
						<line number="963" hits="0"/>
						<line number="967" hits="0"/>
						<line number="968" hits="0"/>
						<line number="970" hits="0" branch="true" condition-coverage="0% (0/2)" missing-branches="971,977"/>
						<line number="971" hits="0"/>
						<line number="972" hits="0"/>
						<line number="973" hits="0"/>
						<line number="974" hits="0"/>
						<line number="975" hits="0"/>
						<line number="977" hits="0" branch="true" condition-coverage="0% (0/2)" missing-branches="978,984"/>
						<line number="978" hits="0"/>
						<line number="979" hits="0"/>
						<line number="980" hits="0"/>
						<line number="981" hits="0"/>
						<line number="984" hits="0"/>
						<line number="990" hits="0" branch="true" condition-coverage="0% (0/2)" missing-branches="991,992"/>
						<line number="991" hits="0"/>
						<line number="992" hits="0"/>
						<line number="994" hits="0"/>
						<line number="997" hits="0" branch="true" condition-coverage="0% (0/2)" missing-branches="998,1001"/>
						<line number="998" hits="0"/>
						<line number="1001" hits="0"/>
						<line number="1002" hits="0" branch="true" condition-coverage="0% (0/2)" missing-branches="1003,1007"/>
						<line number="1003" hits="0"/>
						<line number="1007" hits="0"/>
						<line number="1008" hits="0"/>
						<line number="1010" hits="0"/>
						<line number="1013" hits="0" branch="true" condition-coverage="0% (0/2)" missing-branches="1014,1017"/>
						<line number="1014" hits="0"/>
						<line number="1017" hits="0" branch="true" condition-coverage="0% (0/2)" missing-branches="1018,1023"/>
						<line number="1018" hits="0" branch="true" condition-coverage="0% (0/2)" missing-branches="1019,1023"/>
						<line number="1019" hits="0"/>
						<line number="1020" hits="0" branch="true" condition-coverage="0% (0/2)" missing-branches="1018,1021"/>
						<line number="1021" hits="0"/>
						<line number="1023" hits="0" branch="true" condition-coverage="0% (0/2)" missing-branches="1025,1049"/>
						<line number="1025" hits="0" branch="true" condition-coverage="0% (0/2)" missing-branches="1026,1035"/>
						<line number="1026" hits="0"/>
						<line number="1027" hits="0" branch="true" condition-coverage="0% (0/2)" missing-branches="1028,1049"/>
						<line number="1028" hits="0"/>
						<line number="1029" hits="0"/>
						<line number="1030" hits="0" branch="true" condition-coverage="0% (0/2)" missing-branches="1031,1049"/>
						<line number="1031" hits="0"/>
						<line number="1035" hits="0" branch="true" condition-coverage="0% (0/2)" missing-branches="1036,1049"/>
						<line number="1036" hits="0"/>
						<line number="1037" hits="0" branch="true" condition-coverage="0% (0/2)" missing-branches="1038,1049"/>
						<line number="1038" hits="0"/>
						<line number="1039" hits="0"/>
						<line number="1040" hits="0" branch="true" condition-coverage="0% (0/2)" missing-branches="1041,1049"/>
						<line number="1041" hits="0"/>
						<line number="1044" hits="0"/>
						<line number="1045" hits="0" branch="true" condition-coverage="0% (0/2)" missing-branches="1046,1049"/>
						<line number="1046" hits="0"/>
						<line number="1049" hits="0" branch="true" condition-coverage="0% (0/2)" missing-branches="1050,1055"/>
						<line number="1050" hits="0"/>
						<line number="1051" hits="0" branch="true" condition-coverage="0% (0/2)" missing-branches="1052,1055"/>
						<line number="1052" hits="0"/>
						<line number="1055" hits="0" branch="true" condition-coverage="0% (0/2)" missing-branches="1056,1067"/>
						<line number="1056" hits="0"/>
						<line number="1059" hits="0"/>
						<line number="1060" hits="0" branch="true" condition-coverage="0% (0/2)" missing-branches="1061,1067"/>
						<line number="1061" hits="0" branch="true" condition-coverage="0% (0/2)" missing-branches="1062,1067"/>
						<line number="1062" hits="0" branch="true" condition-coverage="0% (0/2)" missing-branches="1061,1063"/>
						<line number="1063" hits="0"/>
						<line number="1064" hits="0"/>
						<line number="1067" hits="0" branch="true" condition-coverage="0% (0/2)" missing-branches="1069,1072"/>
						<line number="1069" hits="0"/>
						<line number="1070" hits="0"/>
						<line number="1072" hits="0"/>
						<line number="1074" hits="0"/>
						<line number="1076" hits="0" branch="true" condition-coverage="0% (0/2)" missing-branches="1077,1079"/>
						<line number="1077" hits="0"/>
						<line number="1079" hits="0"/>
						<line number="1084" hits="0"/>
						<line number="1085" hits="0" branch="true" condition-coverage="0% (0/2)" missing-branches="1086,1089"/>
						<line number="1086" hits="0"/>
						<line number="1089" hits="0"/>
						<line number="1090" hits="0"/>
						<line number="1092" hits="0" branch="true" condition-coverage="0% (0/2)" missing-branches="1093,1094"/>
						<line number="1093" hits="0"/>
						<line number="1094" hits="0" branch="true" condition-coverage="0% (0/2)" missing-branches="1095,1099"/>
						<line number="1095" hits="0" branch="true" condition-coverage="0% (0/2)" missing-branches="1096,1099"/>
						<line number="1096" hits="0"/>
						<line number="1097" hits="0" branch="true" condition-coverage="0% (0/2)" missing-branches="1095,1098"/>
						<line number="1098" hits="0"/>
						<line number="1099" hits="0" branch="true" condition-coverage="0% (0/2)" missing-branches="1101,1110"/>
						<line number="1101" hits="0" branch="true" condition-coverage="0% (0/2)" missing-branches="1102,1105"/>
						<line number="1102" hits="0"/>
						<line number="1103" hits="0" branch="true" condition-coverage="0% (0/2)" missing-branches="1104,1110"/>
						<line number="1104" hits="0"/>
						<line number="1105" hits="0" branch="true" condition-coverage="0% (0/2)" missing-branches="1106,1110"/>
						<line number="1106" hits="0"/>
						<line number="1107" hits="0" branch="true" condition-coverage="0% (0/2)" missing-branches="1108,1110"/>
						<line number="1108" hits="0"/>
						<line number="1110" hits="0" branch="true" condition-coverage="0% (0/2)" missing-branches="1111,1115"/>
						<line number="1111" hits="0"/>
						<line number="1112" hits="0"/>
						<line number="1113" hits="0"/>
						<line number="1114" hits="0"/>
						<line number="1115" hits="0"/>
						<line number="1116" hits="0"/>
						<line number="1117" hits="0"/>
						<line number="1118" hits="0"/>
						<line number="1119" hits="0"/>
						<line number="1120" hits="0"/>
						<line number="1123" hits="0"/>
						<line number="1124" hits="0"/>
						<line number="1125" hits="0"/>
						<line number="1128" hits="0"/>
						<line number="1129" hits="0"/>
						<line number="1139" hits="0" branch="true" condition-coverage="0% (0/2)" missing-branches="1140,1142"/>
						<line number="1140" hits="0"/>
						<line number="1142" hits="0"/>
						<line number="1150" hits="0"/>
						<line number="1151" hits="0"/>
						<line number="1154" hits="0"/>
						<line number="1158" hits="0"/>
						<line number="1159" hits="0"/>
						<line number="1161" hits="0"/>
						<line number="1164" hits="0"/>
						<line number="1166" hits="0"/>
						<line number="1174" hits="0"/>
						<line number="1176" hits="0"/>
						<line number="1185" hits="0"/>
						<line number="1186" hits="0"/>
						<line number="1187" hits="0"/>
						<line number="1194" hits="0"/>
						<line number="1204" hits="0"/>
						<line number="1205" hits="0"/>
						<line number="1207" hits="0"/>
						<line number="1208" hits="0"/>
						<line number="1211" hits="0"/>
						<line number="1215" hits="0"/>
						<line number="1217" hits="0"/>
						<line number="1220" hits="0"/>
						<line number="1222" hits="0"/>
						<line number="1224" hits="0"/>
						<line number="1226" hits="0"/>
						<line number="1236" hits="0"/>
						<line number="1237" hits="0"/>
						<line number="1238" hits="0"/>
						<line number="1240" hits="0"/>
						<line number="1243" hits="0"/>
						<line number="1244" hits="0"/>
						<line number="1245" hits="0"/>
						<line number="1247" hits="0"/>
						<line number="1250" hits="0"/>
						<line number="1251" hits="0"/>
						<line number="1252" hits="0"/>
						<line number="1254" hits="0"/>
						<line number="1257" hits="0"/>
						<line number="1258" hits="0"/>
						<line number="1262" hits="0"/>
						<line number="1265" hits="0"/>
						<line number="1266" hits="0"/>
						<line number="1267" hits="0"/>
						<line number="1268" hits="0"/>
						<line number="1270" hits="0"/>
						<line number="1271" hits="0"/>
						<line number="1272" hits="0"/>
						<line number="1273" hits="0"/>
						<line number="1274" hits="0"/>
						<line number="1275" hits="0"/>
						<line number="1276" hits="0"/>
						<line number="1278" hits="0"/>
						<line number="1281" hits="0"/>
						<line number="1282" hits="0"/>
						<line number="1283" hits="0"/>
						<line number="1285" hits="0"/>
						<line number="1286" hits="0"/>
						<line number="1287" hits="0"/>
						<line number="1288" hits="0"/>
						<line number="1289" hits="0"/>
						<line number="1290" hits="0"/>
						<line number="1292" hits="0"/>
						<line number="1295" hits="0"/>
						<line number="1296" hits="0"/>
						<line number="1297" hits="0"/>
						<line number="1308" hits="0"/>
						<line number="1309" hits="0"/>
						<line number="1311" hits="0"/>
						<line number="1312" hits="0"/>
						<line number="1313" hits="0"/>
						<line number="1315" hits="0" branch="true" condition-coverage="0% (0/2)" missing-branches="1316,1327"/>
						<line number="1316" hits="0"/>
						<line number="1325" hits="0"/>
						<line number="1327" hits="0"/>
						<line number="1329" hits="0"/>
						<line number="1332" hits="0"/>
						<line number="1333" hits="0"/>
						<line number="1336" hits="0"/>
						<line number="1339" hits="0"/>
						<line number="1340" hits="0"/>
						<line number="1341" hits="0"/>
						<line number="1343" hits="0"/>
						<line number="1359" hits="0"/>
						<line number="1360" hits="0"/>
						<line number="1361" hits="0"/>
						<line number="1364" hits="0"/>
						<line number="1365" hits="0"/>
						<line number="1376" hits="0"/>
						<line number="1379" hits="0"/>
						<line number="1380" hits="0"/>
						<line number="1381" hits="0"/>
						<line number="1382" hits="0"/>
						<line number="1383" hits="0"/>
						<line number="1394" hits="0"/>
						<line number="1395" hits="0"/>
						<line number="1398" hits="0" branch="true" condition-coverage="0% (0/2)" missing-branches="1399,1401"/>
						<line number="1399" hits="0"/>
						<line number="1401" hits="0"/>
						<line number="1403" hits="0"/>
						<line number="1406" hits="0" branch="true" condition-coverage="0% (0/2)" missing-branches="1407,1410"/>
						<line number="1407" hits="0"/>
						<line number="1408" hits="0"/>
						<line number="1410" hits="0"/>
						<line number="1411" hits="0"/>
						<line number="1414" hits="0"/>
						<line number="1415" hits="0"/>
						<line number="1418" hits="0" branch="true" condition-coverage="0% (0/2)" missing-branches="1419,1424"/>
						<line number="1419" hits="0" branch="true" condition-coverage="0% (0/2)" missing-branches="1420,1421"/>
						<line number="1420" hits="0"/>
						<line number="1421" hits="0"/>
						<line number="1424" hits="0" branch="true" condition-coverage="0% (0/2)" missing-branches="1425,1426"/>
						<line number="1425" hits="0"/>
						<line number="1426" hits="0" branch="true" condition-coverage="0% (0/2)" missing-branches="1427,1428"/>
						<line number="1427" hits="0"/>
						<line number="1428" hits="0" branch="true" condition-coverage="0% (0/2)" missing-branches="1429,1431"/>
						<line number="1429" hits="0"/>
						<line number="1431" hits="0"/>
						<line number="1432" hits="0"/>
						<line number="1433" hits="0"/>
						<line number="1434" hits="0"/>
						<line number="1437" hits="0"/>
						<line number="1440" hits="0"/>
						<line number="1441" hits="0"/>
						<line number="1443" hits="0"/>
						<line number="1444" hits="0"/>
						<line number="1447" hits="0"/>
						<line number="1448" hits="0"/>
						<line number="1449" hits="0"/>
						<line number="1459" hits="0"/>
						<line number="1460" hits="0"/>
						<line number="1463" hits="0"/>
						<line number="1464" hits="0"/>
						<line number="1466" hits="0"/>
						<line number="1469" hits="0" branch="true" condition-coverage="0% (0/2)" missing-branches="1470,1474"/>
						<line number="1470" hits="0"/>
						<line number="1471" hits="0"/>
						<line number="1474" hits="0" branch="true" condition-coverage="0% (0/2)" missing-branches="1475,1488"/>
						<line number="1475" hits="0"/>
						<line number="1476" hits="0"/>
						<line number="1479" hits="0"/>
						<line number="1480" hits="0" branch="true" condition-coverage="0% (0/2)" missing-branches="exit,1481"/>
						<line number="1481" hits="0" branch="true" condition-coverage="0% (0/2)" missing-branches="1482,1484"/>
						<line number="1482" hits="0"/>
						<line number="1484" hits="0"/>
						<line number="1486" hits="0"/>
						<line number="1488" hits="0" branch="true" condition-coverage="0% (0/2)" missing-branches="1490,1500"/>
						<line number="1490" hits="0"/>
						<line number="1497" hits="0"/>
						<line number="1500" hits="0"/>
						<line number="1501" hits="0"/>
						<line number="1503" hits="0"/>
						<line number="1504" hits="0" branch="true" condition-coverage="0% (0/2)" missing-branches="1505,1507"/>
						<line number="1505" hits="0"/>
						<line number="1507" hits="0" branch="true" condition-coverage="0% (0/2)" missing-branches="1508,1516"/>
						<line number="1508" hits="0"/>
						<line number="1516" hits="0"/>
						<line number="1518" hits="0"/>
						<line number="1519" hits="0"/>
						<line number="1522" hits="0"/>
						<line number="1523" hits="0"/>
						<line number="1525" hits="0"/>
						<line number="1526" hits="0"/>
						<line number="1528" hits="0"/>
						<line number="1529" hits="0"/>
						<line number="1530" hits="0"/>
						<line number="1531" hits="0"/>
						<line number="1534" hits="0"/>
						<line number="1535" hits="0"/>
						<line number="1537" hits="0"/>
						<line number="1538" hits="0"/>
						<line number="1539" hits="0" branch="true" condition-coverage="0% (0/2)" missing-branches="1540,1545"/>
						<line number="1540" hits="0"/>
						<line number="1541" hits="0" branch="true" condition-coverage="0% (0/2)" missing-branches="1542,1544"/>
						<line number="1542" hits="0"/>
						<line number="1544" hits="0"/>
						<line number="1545" hits="0"/>
						<line number="1548" hits="0" branch="true" condition-coverage="0% (0/2)" missing-branches="1549,1555"/>
						<line number="1549" hits="0"/>
						<line number="1550" hits="0"/>
						<line number="1551" hits="0" branch="true" condition-coverage="0% (0/2)" missing-branches="1552,1555"/>
						<line number="1552" hits="0"/>
						<line number="1555" hits="0" branch="true" condition-coverage="0% (0/2)" missing-branches="1556,1561"/>
						<line number="1556" hits="0"/>
						<line number="1557" hits="0"/>
						<line number="1558" hits="0" branch="true" condition-coverage="0% (0/2)" missing-branches="1559,1561"/>
						<line number="1559" hits="0"/>
						<line number="1561" hits="0"/>
						<line number="1564" hits="0"/>
						<line number="1565" hits="0"/>
						<line number="1567" hits="0"/>
						<line number="1569" hits="0"/>
						<line number="1570" hits="0"/>
						<line number="1572" hits="0"/>
						<line number="1573" hits="0"/>
						<line number="1574" hits="0"/>
						<line number="1575" hits="0"/>
						<line number="1577" hits="0"/>
						<line number="1580" hits="0"/>
						<line number="1584" hits="0"/>
						<line number="1587" hits="0"/>
						<line number="1588" hits="0"/>
						<line number="1589" hits="0"/>
						<line number="1590" hits="0"/>
						<line number="1600" hits="0"/>
						<line number="1601" hits="0"/>
						<line number="1603" hits="0"/>
						<line number="1605" hits="0" branch="true" condition-coverage="0% (0/2)" missing-branches="1606,1610"/>
						<line number="1606" hits="0"/>
						<line number="1607" hits="0"/>
						<line number="1608" hits="0"/>
						<line number="1610" hits="0"/>
						<line number="1611" hits="0"/>
						<line number="1612" hits="0"/>
						<line number="1615" hits="0"/>
						<line number="1616" hits="0" branch="true" condition-coverage="0% (0/2)" missing-branches="1617,1622"/>
						<line number="1617" hits="0"/>
						<line number="1618" hits="0"/>
						<line number="1619" hits="0"/>
						<line number="1622" hits="0" branch="true" condition-coverage="0% (0/2)" missing-branches="1623,1629"/>
						<line number="1623" hits="0"/>
						<line number="1629" hits="0"/>
						<line number="1635" hits="0"/>
						<line number="1636" hits="0"/>
						<line number="1638" hits="0" branch="true" condition-coverage="0% (0/2)" missing-branches="1639,1642"/>
						<line number="1639" hits="0"/>
						<line number="1640" hits="0"/>
						<line number="1642" hits="0"/>
						<line number="1643" hits="0"/>
						<line number="1644" hits="0"/>
						<line number="1645" hits="0"/>
						<line number="1646" hits="0"/>
						<line number="1648" hits="0" branch="true" condition-coverage="0% (0/2)" missing-branches="1650,1655"/>
						<line number="1650" hits="0"/>
						<line number="1651" hits="0"/>
						<line number="1653" hits="0"/>
						<line number="1655" hits="0"/>
						<line number="1657" hits="0"/>
						<line number="1658" hits="0"/>
						<line number="1661" hits="0"/>
						<line number="1662" hits="0"/>
						<line number="1663" hits="0"/>
						<line number="1664" hits="0"/>
						<line number="1665" hits="0"/>
						<line number="1676" hits="0"/>
						<line number="1677" hits="0"/>
						<line number="1679" hits="0"/>
						<line number="1681" hits="0" branch="true" condition-coverage="0% (0/2)" missing-branches="1682,1686"/>
						<line number="1682" hits="0"/>
						<line number="1683" hits="0"/>
						<line number="1686" hits="0" branch="true" condition-coverage="0% (0/2)" missing-branches="1687,1691"/>
						<line number="1687" hits="0" branch="true" condition-coverage="0% (0/2)" missing-branches="1688,1691"/>
						<line number="1688" hits="0"/>
						<line number="1689" hits="0"/>
						<line number="1691" hits="0"/>
						<line number="1692" hits="0"/>
						<line number="1693" hits="0"/>
						<line number="1696" hits="0"/>
						<line number="1697" hits="0" branch="true" condition-coverage="0% (0/2)" missing-branches="1698,1702"/>
						<line number="1698" hits="0"/>
						<line number="1699" hits="0"/>
						<line number="1700" hits="0"/>
						<line number="1702" hits="0" branch="true" condition-coverage="0% (0/2)" missing-branches="1703,1705"/>
						<line number="1703" hits="0"/>
						<line number="1704" hits="0"/>
						<line number="1705" hits="0" branch="true" condition-coverage="0% (0/2)" missing-branches="1706,1710"/>
						<line number="1706" hits="0"/>
						<line number="1707" hits="0"/>
						<line number="1710" hits="0"/>
						<line number="1711" hits="0"/>
						<line number="1712" hits="0" branch="true" condition-coverage="0% (0/2)" missing-branches="1713,1716"/>
						<line number="1713" hits="0"/>
						<line number="1714" hits="0"/>
						<line number="1716" hits="0"/>
						<line number="1718" hits="0"/>
						<line number="1719" hits="0"/>
						<line number="1721" hits="0"/>
						<line number="1723" hits="0"/>
						<line number="1724" hits="0"/>
						<line number="1727" hits="0"/>
						<line number="1728" hits="0"/>
						<line number="1729" hits="0"/>
						<line number="1732" hits="0"/>
						<line number="1741" hits="0"/>
						<line number="1742" hits="0"/>
						<line number="1745" hits="0"/>
						<line number="1749" hits="0" branch="true" condition-coverage="0% (0/2)" missing-branches="1750,1753"/>
						<line number="1750" hits="0"/>
						<line number="1751" hits="0"/>
						<line number="1753" hits="0"/>
						<line number="1754" hits="0"/>
						<line number="1756" hits="0"/>
						<line number="1760" hits="0"/>
						<line number="1762" hits="0"/>
						<line number="1775" hits="0"/>
						<line number="1777" hits="0"/>
						<line number="1778" hits="0"/>
						<line number="1779" hits="0"/>
						<line number="1780" hits="0"/>
						<line number="1781" hits="0"/>
						<line number="1782" hits="0"/>
						<line number="1783" hits="0"/>
						<line number="1784" hits="0"/>
						<line number="1787" hits="0" branch="true" condition-coverage="0% (0/2)" missing-branches="exit,1788"/>
						<line number="1788" hits="0"/>
					</lines>
				</class>
			</classes>
		</package>
		<package name="hcode.agent" line-rate="0.3243" branch-rate="0.07802" complexity="0">
			<classes>
				<class name="__init__.py" filename="hcode/agent/__init__.py" complexity="0" line-rate="1" branch-rate="1">
					<methods/>
					<lines>
						<line number="8" hits="1"/>
						<line number="20" hits="1"/>
						<line number="21" hits="1"/>
						<line number="27" hits="1"/>
						<line number="29" hits="1"/>
						<line number="36" hits="1"/>
						<line number="48" hits="1"/>
						<line number="58" hits="1"/>
						<line number="75" hits="1"/>
						<line number="86" hits="1"/>
						<line number="94" hits="1"/>
						<line number="95" hits="1"/>
						<line number="96" hits="1"/>
						<line number="98" hits="1"/>
					</lines>
				</class>
				<class name="autonomous.py" filename="hcode/agent/autonomous.py" complexity="0" line-rate="0.4805" branch-rate="0.1538">
					<methods/>
					<lines>
[...]
						<line number="60" hits="0"/>
						<line number="71" hits="1"/>
						<line number="78" hits="0"/>
						<line number="80" hits="0" branch="true" condition-coverage="0% (0/2)" missing-branches="81,86"/>
						<line number="81" hits="0" branch="true" condition-coverage="0% (0/2)" missing-branches="80,82"/>
						<line number="82" hits="0" branch="true" condition-coverage="0% (0/2)" missing-branches="81,83"/>
						<line number="83" hits="0"/>
						<line number="84" hits="0"/>
						<line number="86" hits="0"/>
						<line number="88" hits="1"/>
						<line number="95" hits="0"/>
						<line number="97" hits="0" branch="true" condition-coverage="0% (0/2)" missing-branches="98,114"/>
						<line number="98" hits="0" branch="true" condition-coverage="0% (0/2)" missing-branches="97,99"/>
						<line number="99" hits="0" branch="true" condition-coverage="0% (0/2)" missing-branches="98,101"/>
						<line number="101" hits="0" branch="true" condition-coverage="0% (0/2)" missing-branches="102,104"/>
						<line number="102" hits="0" branch="true" condition-coverage="0% (0/2)" missing-branches="103,112"/>
						<line number="103" hits="0"/>
						<line number="104" hits="0" branch="true" condition-coverage="0% (0/2)" missing-branches="105,107"/>
						<line number="105" hits="0" branch="true" condition-coverage="0% (0/2)" missing-branches="106,112"/>
						<line number="106" hits="0"/>
						<line number="107" hits="0" branch="true" condition-coverage="0% (0/2)" missing-branches="108,111"/>
						<line number="108" hits="0" branch="true" condition-coverage="0% (0/2)" missing-branches="109,112"/>
						<line number="109" hits="0"/>
						<line number="111" hits="0"/>
						<line number="112" hits="0"/>
						<line number="114" hits="0"/>
						<line number="116" hits="1"/>
						<line number="123" hits="0"/>
						<line number="134" hits="0" branch="true" condition-coverage="0% (0/2)" missing-branches="135,139"/>
						<line number="135" hits="0" branch="true" condition-coverage="0% (0/2)" missing-branches="134,136"/>
						<line number="136" hits="0" branch="true" condition-coverage="0% (0/2)" missing-branches="135,137"/>
						<line number="137" hits="0"/>
						<line number="139" hits="0"/>
						<line number="141" hits="1"/>
						<line number="149" hits="0" branch="true" condition-coverage="0% (0/2)" missing-branches="150,153"/>
						<line number="150" hits="0"/>
						<line number="153" hits="0"/>
						<line number="154" hits="0" branch="true" condition-coverage="0% (0/2)" missing-branches="155,170"/>
						<line number="155" hits="0"/>
						<line number="156" hits="0"/>
						<line number="157" hits="0"/>
						<line number="158" hits="0"/>
						<line number="160" hits="0" branch="true" condition-coverage="0% (0/2)" missing-branches="161,162"/>
						<line number="161" hits="0"/>
						<line number="162" hits="0" branch="true" condition-coverage="0% (0/2)" missing-branches="163,164"/>
						<line number="163" hits="0"/>
						<line number="164" hits="0" branch="true" condition-coverage="0% (0/2)" missing-branches="165,170"/>
						<line number="165" hits="0"/>
						<line number="166" hits="0"/>
						<line number="167" hits="0"/>
						<line number="170" hits="0" branch="true" condition-coverage="0% (0/2)" missing-branches="171,173"/>
						<line number="171" hits="0"/>
						<line number="173" hits="0" branch="true" condition-coverage="0% (0/2)" missing-branches="174,176"/>
						<line number="174" hits="0"/>
						<line number="176" hits="0"/>
						<line number="178" hits="1"/>
						<line number="185" hits="0"/>
						<line number="188" hits="0"/>
						<line number="189" hits="0" branch="true" condition-coverage="0% (0/2)" missing-branches="190,196"/>
						<line number="190" hits="0"/>
						<line number="191" hits="0"/>
						<line number="196" hits="0"/>
						<line number="197" hits="0" branch="true" condition-coverage="0% (0/2)" missing-branches="198,207"/>
						<line number="198" hits="0"/>
						<line number="199" hits="0"/>
						<line number="200" hits="0"/>
						<line number="201" hits="0"/>
						<line number="202" hits="0"/>
						<line number="203" hits="0"/>
						<line number="204" hits="0"/>
						<line number="207" hits="0"/>
						<line number="208" hits="0" branch="true" condition-coverage="0% (0/2)" missing-branches="210,212"/>
						<line number="210" hits="0"/>
						<line number="212" hits="0"/>
						<line number="214" hits="1"/>
						<line number="221" hits="0"/>
						<line number="228" hits="0"/>
						<line number="230" hits="0" branch="true" condition-coverage="0% (0/2)" missing-branches="232,249"/>
						<line number="232" hits="0" branch="true" condition-coverage="0% (0/2)" missing-branches="233,234"/>
						<line number="233" hits="0"/>
						<line number="234" hits="0" branch="true" condition-coverage="0% (0/2)" missing-branches="235,237"/>
						<line number="235" hits="0"/>
						<line number="237" hits="0" branch="true" condition-coverage="0% (0/2)" missing-branches="238,245"/>
						<line number="238" hits="0"/>
						<line number="240" hits="0"/>
						<line number="241" hits="0"/>
						<line number="243" hits="0"/>
						<line number="245" hits="0" branch="true" condition-coverage="0% (0/2)" missing-branches="230,246"/>
						<line number="246" hits="0"/>
						<line number="249" hits="0"/>
						<line number="250" hits="0"/>
						<line number="254" hits="0"/>
						<line number="256" hits="1"/>
						<line number="263" hits="0"/>
						<line number="271" hits="0"/>
						<line number="290" hits="0" branch="true" condition-coverage="0% (0/2)" missing-branches="291,313"/>
						<line number="291" hits="0" branch="true" condition-coverage="0% (0/2)" missing-branches="290,293"/>
						<line number="293" hits="0" branch="true" condition-coverage="0% (0/2)" missing-branches="294,295"/>
						<line number="294" hits="0"/>
						<line number="295" hits="0" branch="true" condition-coverage="0% (0/2)" missing-branches="296,298"/>
						<line number="296" hits="0"/>
						<line number="298" hits="0"/>
						<line number="299" hits="0"/>
						<line number="300" hits="0" branch="true" condition-coverage="0% (0/2)" missing-branches="291,301"/>
						<line number="301" hits="0"/>
						<line number="303" hits="0"/>
						<line number="304" hits="0" branch="true" condition-coverage="0% (0/2)" missing-branches="305,306"/>
						<line number="305" hits="0"/>
						<line number="306" hits="0" branch="true" condition-coverage="0% (0/2)" missing-branches="307,309"/>
						<line number="307" hits="0"/>
						<line number="309" hits="0"/>
						<line number="310" hits="0"/>
						<line number="311" hits="0"/>
						<line number="313" hits="0"/>
						<line number="315" hits="1"/>
						<line number="317" hits="0"/>
						<line number="318" hits="0" branch="true" condition-coverage="0% (0/2)" missing-branches="319,326"/>
						<line number="319" hits="0"/>
						<line number="320" hits="0"/>
						<line number="321" hits="0"/>
						<line number="322" hits="0"/>
						<line number="323" hits="0"/>
						<line number="324" hits="0"/>
						<line number="325" hits="0"/>
						<line number="326" hits="0"/>
						<line number="328" hits="1"/>
						<line number="330" hits="0"/>
						<line number="331" hits="0" branch="true" condition-coverage="0% (0/2)" missing-branches="332,339"/>
						<line number="332" hits="0"/>
						<line number="333" hits="0"/>
						<line number="334" hits="0"/>
						<line number="335" hits="0"/>
						<line number="336" hits="0"/>
						<line number="337" hits="0"/>
						<line number="338" hits="0"/>
						<line number="339" hits="0"/>
						<line number="341" hits="1"/>
						<line number="343" hits="0"/>
						<line number="344" hits="0" branch="true" condition-coverage="0% (0/2)" missing-branches="345,348"/>
						<line number="345" hits="0"/>
						<line number="346" hits="0"/>
						<line number="347" hits="0"/>
						<line number="348" hits="0"/>
						<line number="350" hits="1"/>
						<line number="352" hits="0"/>
						<line number="354" hits="0"/>
						<line number="355" hits="0"/>
						<line number="356" hits="0"/>
						<line number="358" hits="0" branch="true" condition-coverage="0% (0/2)" missing-branches="359,372"/>
						<line number="359" hits="0" branch="true" condition-coverage="0% (0/2)" missing-branches="360,362"/>
						<line number="360" hits="0"/>
						<line number="361" hits="0"/>
						<line number="362" hits="0" branch="true" condition-coverage="0% (0/2)" missing-branches="363,365"/>
						<line number="363" hits="0"/>
						<line number="365" hits="0" branch="true" condition-coverage="0% (0/2)" missing-branches="358,366"/>
						<line number="366" hits="0"/>
						<line number="367" hits="0" branch="true" condition-coverage="0% (0/2)" missing-branches="358,368"/>
						<line number="368" hits="0"/>
						<line number="369" hits="0"/>
						<line number="370" hits="0"/>
						<line number="372" hits="0"/>
						<line number="374" hits="1"/>
						<line number="381" hits="0"/>
						<line number="383" hits="0"/>
						<line number="384" hits="0"/>
						<line number="386" hits="0"/>
						<line number="387" hits="0"/>
						<line number="388" hits="0"/>
						<line number="389" hits="0"/>
						<line number="391" hits="0"/>
						<line number="392" hits="0"/>
						<line number="393" hits="0"/>
						<line number="394" hits="0"/>
						<line number="395" hits="0"/>
						<line number="396" hits="0"/>
						<line number="398" hits="0"/>
						<line number="399" hits="0"/>
						<line number="400" hits="0"/>
						<line number="402" hits="0"/>
					</lines>
				</class>
				<class name="validators.py" filename="hcode/utils/validators.py" complexity="0" line-rate="0.1452" branch-rate="0">
					<methods/>
					<lines>
						<line number="7" hits="1"/>
						<line number="9" hits="1"/>
						<line number="10" hits="1"/>
						<line number="11" hits="1"/>
						<line number="12" hits="1"/>
						<line number="13" hits="1"/>
						<line number="16" hits="1"/>
						<line number="19" hits="1"/>
						<line number="20" hits="0"/>
						<line number="21" hits="0"/>
						<line number="22" hits="0"/>
						<line number="25" hits="1"/>
						<line number="28" hits="1"/>
						<line number="35" hits="0"/>
						<line number="36" hits="0"/>
						<line number="37" hits="0"/>
						<line number="38" hits="0"/>
						<line number="40" hits="1"/>
						<line number="41" hits="0"/>
						<line number="43" hits="1"/>
						<line number="44" hits="1"/>
						<line number="45" hits="0"/>
						<line number="47" hits="1"/>
						<line number="48" hits="1"/>
						<line number="49" hits="0"/>
						<line number="52" hits="1"/>
						<line number="74" hits="0" branch="true" condition-coverage="0% (0/2)" missing-branches="75,78"/>
						<line number="75" hits="0"/>
						<line number="78" hits="0"/>
						<line number="79" hits="0"/>
						<line number="80" hits="0"/>
						<line number="81" hits="0"/>
						<line number="84" hits="0" branch="true" condition-coverage="0% (0/2)" missing-branches="85,88"/>
						<line number="85" hits="0"/>
						<line number="88" hits="0" branch="true" condition-coverage="0% (0/2)" missing-branches="89,92"/>
						<line number="89" hits="0"/>
						<line number="92" hits="0" branch="true" condition-coverage="0% (0/2)" missing-branches="93,96"/>
						<line number="93" hits="0"/>
						<line number="96" hits="0" branch="true" condition-coverage="0% (0/2)" missing-branches="97,102"/>
						<line number="97" hits="0"/>
						<line number="102" hits="0" branch="true" condition-coverage="0% (0/2)" missing-branches="103,109"/>
						<line number="103" hits="0"/>
						<line number="104" hits="0" branch="true" condition-coverage="0% (0/2)" missing-branches="105,109"/>
						<line number="105" hits="0"/>
						<line number="109" hits="0"/>
						<line number="112" hits="0"/>
						<line number="120" hits="0" branch="true" condition-coverage="0% (0/2)" missing-branches="121,125"/>
						<line number="121" hits="0" branch="true" condition-coverage="0% (0/2)" missing-branches="120,122"/>
						<line number="122" hits="0"/>
						<line number="123" hits="0"/>
						<line number="125" hits="0"/>
						<line number="128" hits="1"/>
						<line number="142" hits="0" branch="true" condition-coverage="0% (0/2)" missing-branches="143,145"/>
						<line number="143" hits="0"/>
						<line number="145" hits="0"/>
						<line number="148" hits="0"/>
						<line number="153" hits="0" branch="true" condition-coverage="0% (0/2)" missing-branches="154,159"/>
						<line number="154" hits="0"/>
						<line number="155" hits="0" branch="true" condition-coverage="0% (0/2)" missing-branches="156,159"/>
						<line number="156" hits="0"/>
						<line number="159" hits="0"/>
						<line number="161" hits="0"/>
						<line number="164" hits="1"/>
						<line number="178" hits="0" branch="true" condition-coverage="0% (0/2)" missing-branches="179,181"/>
						<line number="179" hits="0"/>
						<line number="181" hits="0"/>
						<line number="184" hits="0"/>
						<line number="209" hits="0"/>
						<line number="211" hits="0" branch="true" condition-coverage="0% (0/2)" missing-branches="212,219"/>
						<line number="212" hits="0" branch="true" condition-coverage="0% (0/2)" missing-branches="213,219"/>
						<line number="213" hits="0"/>
						<line number="219" hits="0" branch="true" condition-coverage="0% (0/2)" missing-branches="220,222"/>
						<line number="220" hits="0"/>
						<line number="222" hits="0"/>
						<line number="225" hits="1"/>
						<line number="241" hits="0" branch="true" condition-coverage="0% (0/2)" missing-branches="242,244"/>
						<line number="242" hits="0"/>
						<line number="244" hits="0"/>
						<line number="246" hits="0" branch="true" condition-coverage="0% (0/2)" missing-branches="247,249"/>
						<line number="247" hits="0"/>
						<line number="249" hits="0" branch="true" condition-coverage="0% (0/2)" missing-branches="250,252"/>
						<line number="250" hits="0"/>
						<line number="252" hits="0"/>
						<line number="255" hits="0" branch="true" condition-coverage="0% (0/2)" missing-branches="256,258"/>
						<line number="256" hits="0"/>
						<line number="258" hits="0" branch="true" condition-coverage="0% (0/2)" missing-branches="259,261"/>
						<line number="259" hits="0"/>
						<line number="261" hits="0"/>
						<line number="264" hits="1"/>
						<line number="274" hits="0" branch="true" condition-coverage="0% (0/2)" missing-branches="275,277"/>
						<line number="275" hits="0"/>
						<line number="277" hits="0" branch="true" condition-coverage="0% (0/2)" missing-branches="278,280"/>
						<line number="278" hits="0"/>
						<line number="280" hits="0" branch="true" condition-coverage="0% (0/2)" missing-branches="281,283"/>
						<line number="281" hits="0"/>
						<line number="283" hits="0"/>
						<line number="284" hits="0" branch="true" condition-coverage="0% (0/2)" missing-branches="285,286"/>
						<line number="285" hits="0"/>
						<line number="286" hits="0" branch="true" condition-coverage="0% (0/2)" missing-branches="287,289"/>
						<line number="287" hits="0"/>
						<line number="289" hits="0"/>
						<line number="292" hits="1"/>
						<line number="303" hits="0" branch="true" condition-coverage="0% (0/2)" missing-branches="304,306"/>
						<line number="304" hits="0"/>
						<line number="306" hits="0" branch="true" condition-coverage="0% (0/2)" missing-branches="307,309"/>
						<line number="307" hits="0"/>
						<line number="309" hits="0" branch="true" condition-coverage="0% (0/2)" missing-branches="310,314"/>
						<line number="310" hits="0"/>
						<line number="314" hits="0"/>
						<line number="315" hits="0" branch="true" condition-coverage="0% (0/2)" missing-branches="316,318"/>
						<line number="316" hits="0"/>
						<line number="318" hits="0"/>
						<line number="321" hits="1"/>
						<line number="331" hits="0" branch="true" condition-coverage="0% (0/2)" missing-branches="332,334"/>
						<line number="332" hits="0"/>
						<line number="334" hits="0"/>
						<line number="335" hits="0"/>
						<line number="336" hits="0" branch="true" condition-coverage="0% (0/2)" missing-branches="337,339"/>
						<line number="337" hits="0"/>
						<line number="339" hits="0" branch="true" condition-coverage="0% (0/2)" missing-branches="340,345"/>
						<line number="340" hits="0"/>
						<line number="342" hits="0"/>
						<line number="343" hits="0"/>
						<line number="345" hits="0"/>
						<line number="348" hits="1"/>
						<line number="358" hits="0" branch="true" condition-coverage="0% (0/2)" missing-branches="359,362"/>
						<line number="359" hits="0"/>
						<line number="362" hits="0" branch="true" condition-coverage="0% (0/2)" missing-branches="363,367"/>
						<line number="363" hits="0"/>
						<line number="367" hits="0"/>
						<line number="370" hits="1"/>
						<line number="384" hits="0" branch="true" condition-coverage="0% (0/2)" missing-branches="385,387"/>
						<line number="385" hits="0"/>
						<line number="387" hits="0"/>
						<line number="390" hits="0"/>
						<line number="402" hits="0"/>
						<line number="403" hits="0"/>
						<line number="405" hits="0" branch="true" condition-coverage="0% (0/2)" missing-branches="406,410"/>
						<line number="406" hits="0" branch="true" condition-coverage="0% (0/2)" missing-branches="405,407"/>
						<line number="407" hits="0"/>
						<line number="410" hits="0"/>
						<line number="419" hits="0" branch="true" condition-coverage="0% (0/2)" missing-branches="420,423"/>
						<line number="420" hits="0" branch="true" condition-coverage="0% (0/2)" missing-branches="419,421"/>
						<line number="421" hits="0"/>
						<line number="423" hits="0"/>
						<line number="426" hits="1"/>
						<line number="436" hits="0" branch="true" condition-coverage="0% (0/2)" missing-branches="437,440"/>
						<line number="437" hits="0"/>
						<line number="440" hits="0"/>
						<line number="442" hits="0" branch="true" condition-coverage="0% (0/2)" missing-branches="443,448"/>
						<line number="443" hits="0"/>
						<line number="448" hits="0"/>
						<line number="449" hits="0" branch="true" condition-coverage="0% (0/2)" missing-branches="450,456"/>
						<line number="450" hits="0" branch="true" condition-coverage="0% (0/2)" missing-branches="449,451"/>
						<line number="451" hits="0"/>
						<line number="453" hits="0"/>
						<line number="454" hits="0"/>
						<line number="456" hits="0"/>
						<line number="459" hits="1"/>
						<line number="470" hits="0"/>
						<line number="473" hits="0"/>
						<line number="474" hits="0" branch="true" condition-coverage="0% (0/2)" missing-branches="475,478"/>
						<line number="475" hits="0"/>
						<line number="478" hits="0"/>
						<line number="481" hits="0" branch="true" condition-coverage="0% (0/2)" missing-branches="482,485"/>
						<line number="482" hits="0"/>
						<line number="485" hits="0"/>
						<line number="486" hits="0" branch="true" condition-coverage="0% (0/2)" missing-branches="487,490"/>
						<line number="487" hits="0"/>
						<line number="488" hits="0"/>
						<line number="490" hits="0"/>
						<line number="493" hits="1"/>
						<line number="504" hits="0"/>
						<line number="505" hits="0"/>
						<line number="507" hits="0" branch="true" condition-coverage="0% (0/2)" missing-branches="508,517"/>
						<line number="508" hits="0"/>
						<line number="510" hits="0"/>
						<line number="511" hits="0"/>
						<line number="512" hits="0"/>
						<line number="513" hits="0"/>
						<line number="514" hits="0"/>
						<line number="517" hits="0" branch="true" condition-coverage="0% (0/2)" missing-branches="518,520"/>
						<line number="518" hits="0"/>
						<line number="520" hits="0"/>
						<line number="522" hits="0"/>
						<line number="523" hits="0"/>
					</lines>
				</class>
			</classes>
		</package>
	</packages>
</coverage>
